
--- Module:   C:\qp_lab\qpc\src\qk\qk.c (C)
"C:\qp_lab\qpc\src\qk\qk.c" 186 29 Note 961: Violates MISRA 2004 Advisory Rule 12.6, boolean expression required for operator: '?'; the -strong(B,...) option can help provide Boolean-by-enforcement
"C:\qp_lab\qpc\src\qk\qk.c" 186 29 Info 717: do ... while(0);

/// Start of Pass 2 ///

--- Module:   C:\qp_lab\qpc\src\qk\qk.c (C)

--- Global Wrap-up

"C:\qp_lab\qpc\include\qf.h" 61 1 Info 756: global typedef 'QEvtSize' (line 61, file C:\qp_lab\qpc\include\qf.h) not referenced
"C:\qp_lab\qpc\include\qs.h" 290 1 Info 757: global declarator 'QS_mem(const uint8_t *, uint8_t)' (line 290, file C:\qp_lab\qpc\include\qs.h) not referenced
 Note 960: Violates MISRA 2004 Required Rule 8.9, undefined symbol: 'QS_mem' 
"C:\qp_lab\qpc\ports\lint\qk\qf_port.h" 212 1 Warning 526: Symbol 'intEnable(void)' (line 212, file C:\qp_lab\qpc\ports\lint\qk\qf_port.h) not defined
 Note 960: Violates MISRA 2004 Required Rule 8.9, undefined symbol: 'intEnable' 
"C:\qp_lab\qpc\ports\lint\stdint.h" 32 1 Info 756: global typedef 'uint64_t' (line 32, file C:\qp_lab\qpc\ports\lint\stdint.h) not referenced
"C:\qp_lab\qpc\ports\lint\stdint.h" 27 1 Info 756: global typedef 'int64_t' (line 27, file C:\qp_lab\qpc\ports\lint\stdint.h) not referenced
"C:\qp_lab\qpc\include\qf.h" 821 1 Info 757: global declarator 'QTicker_ctor(QTicker *, uint8_t)' (line 821, file C:\qp_lab\qpc\include\qf.h) not referenced
 Note 960: Violates MISRA 2004 Required Rule 8.9, undefined symbol: 'QTicker_ctor' 
"C:\qp_lab\qpc\include\qpset.h" 171 1 Warning 526: Symbol 'QF_LOG2(QPSetBits)' (line 171, file C:\qp_lab\qpc\include\qpset.h) not defined
 Note 960: Violates MISRA 2004 Required Rule 8.9, undefined symbol: 'QF_LOG2' 
"C:\qp_lab\qpc\include\qf.h" 372 1 Info 756: global typedef 'QMActiveVtbl' (line 372, file C:\qp_lab\qpc\include\qf.h) not referenced
"C:\qp_lab\qpc\include\qf.h" 375 1 Info 757: global declarator 'QMActive_ctor(QMActive *, QStateHandler)' (line 375, file C:\qp_lab\qpc\include\qf.h) not referenced
 Note 960: Violates MISRA 2004 Required Rule 8.9, undefined symbol: 'QMActive_ctor' 
"C:\qp_lab\qpc\include\qs.h" 305 1 Info 757: global declarator 'QS_obj_dict(const void *, const char_t *)' (line 305, file C:\qp_lab\qpc\include\qs.h) not referenced
 Note 960: Violates MISRA 2004 Required Rule 8.9, undefined symbol: 'QS_obj_dict' 
"C:\qp_lab\qpc\include\qs.h" 346 1 Info 757: global declarator 'QS_onStartup(const void *)' (line 346, file C:\qp_lab\qpc\include\qs.h) not referenced
 Note 960: Violates MISRA 2004 Required Rule 8.9, undefined symbol: 'QS_onStartup' 
"C:\qp_lab\qpc\include\qs.h" 356 1 Info 757: global declarator 'QS_onCleanup(void)' (line 356, file C:\qp_lab\qpc\include\qs.h) not referenced
 Note 960: Violates MISRA 2004 Required Rule 8.9, undefined symbol: 'QS_onCleanup' 
"C:\qp_lab\qpc\include\qs.h" 1185 1 Info 757: global declarator 'QS_onCommand(uint8_t, uint32_t, uint32_t, uint32_t)' (line 1185, file C:\qp_lab\qpc\include\qs.h) not referenced
 Note 960: Violates MISRA 2004 Required Rule 8.9, undefined symbol: 'QS_onCommand' 
"C:\qp_lab\qpc\include\qs.h" 366 1 Warning 526: Symbol 'QS_onFlush(void)' (line 366, file C:\qp_lab\qpc\include\qs.h) not defined
 Note 960: Violates MISRA 2004 Required Rule 8.9, undefined symbol: 'QS_onFlush' 
"C:\qp_lab\qpc\include\qs.h" 386 1 Warning 526: Symbol 'QS_onGetTime(void)' (line 386, file C:\qp_lab\qpc\include\qs.h) not defined
 Note 960: Violates MISRA 2004 Required Rule 8.9, undefined symbol: 'QS_onGetTime' 
"C:\qp_lab\qpc\include\qs.h" 1182 1 Info 757: global declarator 'QS_onReset(void)' (line 1182, file C:\qp_lab\qpc\include\qs.h) not referenced
 Note 960: Violates MISRA 2004 Required Rule 8.9, undefined symbol: 'QS_onReset' 
"C:\qp_lab\qpc\ports\lint\qk\qf_port.h" 255 1 Warning 526: Symbol 'critEntry(void)' (line 255, file C:\qp_lab\qpc\ports\lint\qk\qf_port.h) not defined
 Note 960: Violates MISRA 2004 Required Rule 8.9, undefined symbol: 'critEntry' 
"C:\qp_lab\qpc\ports\lint\qk\qf_port.h" 256 1 Warning 526: Symbol 'critExit(crit_stat_t)' (line 256, file C:\qp_lab\qpc\ports\lint\qk\qf_port.h) not defined
 Note 960: Violates MISRA 2004 Required Rule 8.9, undefined symbol: 'critExit' 
"C:\qp_lab\qpc\ports\lint\stdint.h" 24 1 Info 756: global typedef 'int8_t' (line 24, file C:\qp_lab\qpc\ports\lint\stdint.h) not referenced
"C:\qp_lab\qpc\src\qf_pkg.h" 157 1 Warning 526: Symbol 'QF_maxPool_' (line 157, file C:\qp_lab\qpc\src\qf_pkg.h) not defined
"C:\qp_lab\qpc\src\qf_pkg.h" 159 1 Warning 526: Symbol 'QF_maxPubSignal_' (line 159, file C:\qp_lab\qpc\src\qf_pkg.h) not defined
"C:\qp_lab\qpc\include\qs.h" 1108 1 Warning 526: Symbol 'QS_priv_' (line 1108, file C:\qp_lab\qpc\include\qs.h) not defined
"C:\qp_lab\qpc\include\qf.h" 638 1 Info 757: global declarator 'QF_noTimeEvtsActiveX(uint_fast8_t)' (line 638, file C:\qp_lab\qpc\include\qf.h) not referenced
 Note 960: Violates MISRA 2004 Required Rule 8.9, undefined symbol: 'QF_noTimeEvtsActiveX' 
"C:\qp_lab\qpc\include\qf.h" 654 1 Info 757: global declarator 'QF_newX_(uint_fast16_t, uint_fast16_t, enum_t)' (line 654, file C:\qp_lab\qpc\include\qf.h) not referenced
 Note 960: Violates MISRA 2004 Required Rule 8.9, undefined symbol: 'QF_newX_' 
"C:\qp_lab\qpc\include\qf.h" 658 1 Info 757: global declarator 'QF_newRef_(const QEvt *, const void *)' (line 658, file C:\qp_lab\qpc\include\qf.h) not referenced
 Note 960: Violates MISRA 2004 Required Rule 8.9, undefined symbol: 'QF_newRef_' 
"C:\qp_lab\qpc\include\qep.h" 414 1 Info 756: global typedef 'QMTranActTable' (line 414, file C:\qp_lab\qpc\include\qep.h) not referenced
"C:\qp_lab\qpc\include\qf.h" 531 1 Warning 526: Symbol 'QF_onStartup(void)' (line 531, file C:\qp_lab\qpc\include\qf.h) not defined
 Note 960: Violates MISRA 2004 Required Rule 8.9, undefined symbol: 'QF_onStartup' 
"C:\qp_lab\qpc\include\qf.h" 547 1 Warning 526: Symbol 'QF_onCleanup(void)' (line 547, file C:\qp_lab\qpc\include\qf.h) not defined
 Note 960: Violates MISRA 2004 Required Rule 8.9, undefined symbol: 'QF_onCleanup' 
"C:\qp_lab\qpc\include\qs.h" 250 1 Warning 526: Symbol 'QS_beginRec(uint_fast8_t)' (line 250, file C:\qp_lab\qpc\include\qs.h) not defined
 Note 960: Violates MISRA 2004 Required Rule 8.9, undefined symbol: 'QS_beginRec' 
"C:\qp_lab\qpc\include\qs.h" 1179 1 Info 757: global declarator 'QS_rxGetNfree(void)' (line 1179, file C:\qp_lab\qpc\include\qs.h) not referenced
 Note 960: Violates MISRA 2004 Required Rule 8.9, undefined symbol: 'QS_rxGetNfree' 
"C:\qp_lab\qpc\include\qs.h" 1140 1 Info 757: global declarator 'QS_rxInitBuf(uint8_t *, uint16_t)' (line 1140, file C:\qp_lab\qpc\include\qs.h) not referenced
 Note 960: Violates MISRA 2004 Required Rule 8.9, undefined symbol: 'QS_rxInitBuf' 
"C:\qp_lab\qpc\include\qs.h" 1143 1 Info 757: global declarator 'QS_rxParse(void)' (line 1143, file C:\qp_lab\qpc\include\qs.h) not referenced
 Note 960: Violates MISRA 2004 Required Rule 8.9, undefined symbol: 'QS_rxParse' 
"C:\qp_lab\qpc\include\qs.h" 1160 1 Info 757: global declarator 'QS_rxPriv_' (line 1160, file C:\qp_lab\qpc\include\qs.h) not referenced
 Note 960: Violates MISRA 2004 Required Rule 8.9, undefined symbol: 'QS_rxPriv_' 
"C:\qp_lab\qpc\include\qf.h" 515 1 Info 757: global declarator 'QF_poolGetMaxBlockSize(void)' (line 515, file C:\qp_lab\qpc\include\qf.h) not referenced
 Note 960: Violates MISRA 2004 Required Rule 8.9, undefined symbol: 'QF_poolGetMaxBlockSize' 
"C:\qp_lab\qpc\include\qf.h" 511 1 Info 757: global declarator 'QF_poolInit(void *, uint_fast32_t, uint_fast16_t)' (line 511, file C:\qp_lab\qpc\include\qf.h) not referenced
 Note 960: Violates MISRA 2004 Required Rule 8.9, undefined symbol: 'QF_poolInit' 
"C:\qp_lab\qpc\src\qf_pkg.h" 156 1 Info 757: global declarator 'QF_pool_' (line 156, file C:\qp_lab\qpc\src\qf_pkg.h) not referenced
 Note 960: Violates MISRA 2004 Required Rule 8.9, undefined symbol: 'QF_pool_' 
"C:\qp_lab\qpc\include\qf.h" 508 1 Info 757: global declarator 'QF_psInit(QSubscrList *, enum_t)' (line 508, file C:\qp_lab\qpc\include\qf.h) not referenced
 Note 960: Violates MISRA 2004 Required Rule 8.9, undefined symbol: 'QF_psInit' 
"C:\qp_lab\qpc\include\qf.h" 552 1 Info 757: global declarator 'QF_publish_(const QEvt *, const void *)' (line 552, file C:\qp_lab\qpc\include\qf.h) not referenced
 Note 960: Violates MISRA 2004 Required Rule 8.9, undefined symbol: 'QF_publish_' 
"C:\qp_lab\qpc\include\qep.h" 98 1 Info 757: global declarator 'QP_versionStr' (line 98, file C:\qp_lab\qpc\include\qep.h) not referenced
 Note 960: Violates MISRA 2004 Required Rule 8.9, undefined symbol: 'QP_versionStr' 
"C:\qp_lab\qpc\include\qs.h" 268 1 Info 757: global declarator 'QS_str_(const char_t *)' (line 268, file C:\qp_lab\qpc\include\qs.h) not referenced
 Note 960: Violates MISRA 2004 Required Rule 8.9, undefined symbol: 'QS_str_' 
"C:\qp_lab\qpc\include\qs.h" 287 1 Info 757: global declarator 'QS_str(const char_t *)' (line 287, file C:\qp_lab\qpc\include\qs.h) not referenced
 Note 960: Violates MISRA 2004 Required Rule 8.9, undefined symbol: 'QS_str' 
"C:\qp_lab\qpc\include\qs.h" 301 1 Info 757: global declarator 'QS_sig_dict(enum_t, const void *, const char_t *)' (line 301, file C:\qp_lab\qpc\include\qs.h) not referenced
 Note 960: Violates MISRA 2004 Required Rule 8.9, undefined symbol: 'QS_sig_dict' 
"C:\qp_lab\qpc\include\qf.h" 804 1 Warning 526: Symbol 'QF_active_' (line 804, file C:\qp_lab\qpc\include\qf.h) not defined
 Note 960: Violates MISRA 2004 Required Rule 8.9, undefined symbol: 'QF_active_' 
"C:\qp_lab\qpc\include\qf.h" 641 1 Warning 526: Symbol 'QF_add_(struct QActive *)' (line 641, file C:\qp_lab\qpc\include\qf.h) not defined
 Note 960: Violates MISRA 2004 Required Rule 8.9, undefined symbol: 'QF_add_' 
"C:\qp_lab\qpc\include\qf.h" 644 1 Info 757: global declarator 'QF_remove_(struct QActive *)' (line 644, file C:\qp_lab\qpc\include\qf.h) not referenced
 Note 960: Violates MISRA 2004 Required Rule 8.9, undefined symbol: 'QF_remove_' 
"C:\qp_lab\qpc\include\qf.h" 783 1 Warning 526: Symbol 'QF_bzero(void *, uint_fast16_t)' (line 783, file C:\qp_lab\qpc\include\qf.h) not defined
 Note 960: Violates MISRA 2004 Required Rule 8.9, undefined symbol: 'QF_bzero' 
"C:\qp_lab\qpc\src\qk\qk.c" 126 1 Info 714: Symbol 'QF_run(void)' (line 126, file C:\qp_lab\qpc\src\qk\qk.c) not referenced
"C:\qp_lab\qpc\include\qs.h" 253 1 Warning 526: Symbol 'QS_endRec(void)' (line 253, file C:\qp_lab\qpc\include\qs.h) not defined
 Note 960: Violates MISRA 2004 Required Rule 8.9, undefined symbol: 'QS_endRec' 
"C:\qp_lab\qpc\include\qs.h" 275 1 Info 757: global declarator 'QS_u16(uint8_t, uint16_t)' (line 275, file C:\qp_lab\qpc\include\qs.h) not referenced
 Note 960: Violates MISRA 2004 Required Rule 8.9, undefined symbol: 'QS_u16' 
"C:\qp_lab\qpc\include\qs.h" 262 1 Info 757: global declarator 'QS_u16_(uint16_t)' (line 262, file C:\qp_lab\qpc\include\qs.h) not referenced
 Note 960: Violates MISRA 2004 Required Rule 8.9, undefined symbol: 'QS_u16_' 
"C:\qp_lab\qpc\include\qs.h" 278 1 Info 757: global declarator 'QS_u32(uint8_t, uint32_t)' (line 278, file C:\qp_lab\qpc\include\qs.h) not referenced
 Note 960: Violates MISRA 2004 Required Rule 8.9, undefined symbol: 'QS_u32' 
"C:\qp_lab\qpc\include\qs.h" 265 1 Warning 526: Symbol 'QS_u32_(uint32_t)' (line 265, file C:\qp_lab\qpc\include\qs.h) not defined
 Note 960: Violates MISRA 2004 Required Rule 8.9, undefined symbol: 'QS_u32_' 
"C:\qp_lab\qpc\include\qs.h" 272 1 Info 757: global declarator 'QS_u8(uint8_t, uint8_t)' (line 272, file C:\qp_lab\qpc\include\qs.h) not referenced
 Note 960: Violates MISRA 2004 Required Rule 8.9, undefined symbol: 'QS_u8' 
"C:\qp_lab\qpc\include\qs.h" 256 1 Warning 526: Symbol 'QS_u8_(uint8_t)' (line 256, file C:\qp_lab\qpc\include\qs.h) not defined
 Note 960: Violates MISRA 2004 Required Rule 8.9, undefined symbol: 'QS_u8_' 
"C:\qp_lab\qpc\include\qs.h" 259 1 Warning 526: Symbol 'QS_u8u8_(uint8_t, uint8_t)' (line 259, file C:\qp_lab\qpc\include\qs.h) not defined
 Note 960: Violates MISRA 2004 Required Rule 8.9, undefined symbol: 'QS_u8u8_' 
"C:\qp_lab\qpc\include\qs.h" 313 1 Info 757: global declarator 'QS_usr_dict(enum_t, const char_t *)' (line 313, file C:\qp_lab\qpc\include\qs.h) not referenced
 Note 960: Violates MISRA 2004 Required Rule 8.9, undefined symbol: 'QS_usr_dict' 
"C:\qp_lab\qpc\include\qf.h" 167 1 Info 757: global declarator 'QActive_ctor(struct QActive *, QStateHandler)' (line 167, file C:\qp_lab\qpc\include\qf.h) not referenced
 Note 960: Violates MISRA 2004 Required Rule 8.9, undefined symbol: 'QActive_ctor' 
"C:\qp_lab\qpc\include\qf.h" 322 1 Info 757: global declarator 'QActive_defer(const struct QActive *, struct QEQueue *, const QEvt *)' (line 322, file C:\qp_lab\qpc\include\qf.h) not referenced
 Note 960: Violates MISRA 2004 Required Rule 8.9, undefined symbol: 'QActive_defer' 
"C:\qp_lab\qpc\include\qf.h" 329 1 Info 757: global declarator 'QActive_flushDeferred(const struct QActive *, struct QEQueue *)' (line 329, file C:\qp_lab\qpc\include\qf.h) not referenced
 Note 960: Violates MISRA 2004 Required Rule 8.9, undefined symbol: 'QActive_flushDeferred' 
"C:\qp_lab\qpc\src\qf_pkg.h" 125 1 Warning 526: Symbol 'QActive_get_(struct QActive *)' (line 125, file C:\qp_lab\qpc\src\qf_pkg.h) not defined
 Note 960: Violates MISRA 2004 Required Rule 8.9, undefined symbol: 'QActive_get_' 
"C:\qp_lab\qpc\src\qf_pkg.h" 129 1 Info 757: global declarator 'QActive_post_(struct QActive *, const QEvt *, uint_fast16_t, const void *)' (line 129, file C:\qp_lab\qpc\src\qf_pkg.h) not referenced
 Note 960: Violates MISRA 2004 Required Rule 8.9, undefined symbol: 'QActive_post_' 
"C:\qp_lab\qpc\src\qf_pkg.h" 138 1 Info 757: global declarator 'QActive_postLIFO_(struct QActive *, const QEvt *)' (line 138, file C:\qp_lab\qpc\src\qf_pkg.h) not referenced
 Note 960: Violates MISRA 2004 Required Rule 8.9, undefined symbol: 'QActive_postLIFO_' 
"C:\qp_lab\qpc\include\qf.h" 326 1 Info 757: global declarator 'QActive_recall(struct QActive *, struct QEQueue *)' (line 326, file C:\qp_lab\qpc\include\qf.h) not referenced
 Note 960: Violates MISRA 2004 Required Rule 8.9, undefined symbol: 'QActive_recall' 
"C:\qp_lab\qpc\include\qf.h" 333 1 Info 757: global declarator 'QActive_setAttr(struct QActive *, uint32_t, const void *)' (line 333, file C:\qp_lab\qpc\include\qf.h) not referenced
 Note 960: Violates MISRA 2004 Required Rule 8.9, undefined symbol: 'QActive_setAttr' 
"C:\qp_lab\qpc\src\qk\qk.c" 163 1 Info 714: Symbol 'QActive_start_(struct QActive *, uint_fast8_t, const QEvt **, uint_fast16_t, void *, uint_fast16_t, const QEvt *)' (line 163, file C:\qp_lab\qpc\src\qk\qk.c) not referenced
"C:\qp_lab\qpc\include\qf.h" 312 1 Info 757: global declarator 'QActive_subscribe(const struct QActive *, enum_t)' (line 312, file C:\qp_lab\qpc\include\qf.h) not referenced
 Note 960: Violates MISRA 2004 Required Rule 8.9, undefined symbol: 'QActive_subscribe' 
"C:\qp_lab\qpc\include\qf.h" 315 1 Info 757: global declarator 'QActive_unsubscribe(const struct QActive *, enum_t)' (line 315, file C:\qp_lab\qpc\include\qf.h) not referenced
 Note 960: Violates MISRA 2004 Required Rule 8.9, undefined symbol: 'QActive_unsubscribe' 
"C:\qp_lab\qpc\include\qf.h" 318 1 Info 757: global declarator 'QActive_unsubscribeAll(const struct QActive *)' (line 318, file C:\qp_lab\qpc\include\qf.h) not referenced
 Note 960: Violates MISRA 2004 Required Rule 8.9, undefined symbol: 'QActive_unsubscribeAll' 
"C:\qp_lab\qpc\src\qk\qk.c" 100 1 Info 714: Symbol 'QF_stop(void)' (line 100, file C:\qp_lab\qpc\src\qk\qk.c) not referenced
"C:\qp_lab\qpc\src\qf_pkg.h" 158 1 Warning 526: Symbol 'QF_subscrList_' (line 158, file C:\qp_lab\qpc\src\qf_pkg.h) not defined
"C:\qp_lab\qpc\include\qep.h" 350 1 Info 757: global declarator 'QHsm_childState_(QHsm *, QStateHandler)' (line 350, file C:\qp_lab\qpc\include\qep.h) not referenced
 Note 960: Violates MISRA 2004 Required Rule 8.9, undefined symbol: 'QHsm_childState_' 
"C:\qp_lab\qpc\include\qep.h" 294 1 Info 757: global declarator 'QHsm_ctor(QHsm *, QStateHandler)' (line 294, file C:\qp_lab\qpc\include\qep.h) not referenced
 Note 960: Violates MISRA 2004 Required Rule 8.9, undefined symbol: 'QHsm_ctor' 
"C:\qp_lab\qpc\include\qep.h" 329 1 Info 757: global declarator 'QHsm_dispatch_(QHsm *, const QEvt *)' (line 329, file C:\qp_lab\qpc\include\qep.h) not referenced
 Note 960: Violates MISRA 2004 Required Rule 8.9, undefined symbol: 'QHsm_dispatch_' 
"C:\qp_lab\qpc\include\qep.h" 314 1 Info 757: global declarator 'QHsm_init_(QHsm *, const QEvt *)' (line 314, file C:\qp_lab\qpc\include\qep.h) not referenced
 Note 960: Violates MISRA 2004 Required Rule 8.9, undefined symbol: 'QHsm_init_' 
"C:\qp_lab\qpc\include\qep.h" 356 1 Info 757: global declarator 'QHsm_isIn(QHsm *, QStateHandler)' (line 356, file C:\qp_lab\qpc\include\qep.h) not referenced
 Note 960: Violates MISRA 2004 Required Rule 8.9, undefined symbol: 'QHsm_isIn' 
"C:\qp_lab\qpc\include\qep.h" 361 1 Info 757: global declarator 'QHsm_top(const void *, const QEvt *)' (line 361, file C:\qp_lab\qpc\include\qep.h) not referenced
 Note 960: Violates MISRA 2004 Required Rule 8.9, undefined symbol: 'QHsm_top' 
"C:\qp_lab\qpc\include\qs.h" 247 1 Info 757: global declarator 'QS_filterOff(uint_fast8_t)' (line 247, file C:\qp_lab\qpc\include\qs.h) not referenced
 Note 960: Violates MISRA 2004 Required Rule 8.9, undefined symbol: 'QS_filterOff' 
"C:\qp_lab\qpc\include\qs.h" 281 1 Info 757: global declarator 'QS_f32(uint8_t, float32_t)' (line 281, file C:\qp_lab\qpc\include\qs.h) not referenced
 Note 960: Violates MISRA 2004 Required Rule 8.9, undefined symbol: 'QS_f32' 
"C:\qp_lab\qpc\include\qs.h" 284 1 Info 757: global declarator 'QS_f64(uint8_t, float64_t)' (line 284, file C:\qp_lab\qpc\include\qs.h) not referenced
 Note 960: Violates MISRA 2004 Required Rule 8.9, undefined symbol: 'QS_f64' 
"C:\qp_lab\qpc\include\qs.h" 244 1 Info 757: global declarator 'QS_filterOn(uint_fast8_t)' (line 244, file C:\qp_lab\qpc\include\qs.h) not referenced
 Note 960: Violates MISRA 2004 Required Rule 8.9, undefined symbol: 'QS_filterOn' 
"C:\qp_lab\qpc\include\qs.h" 309 1 Info 757: global declarator 'QS_fun_dict(void (*)(void), const char_t *)' (line 309, file C:\qp_lab\qpc\include\qs.h) not referenced
 Note 960: Violates MISRA 2004 Required Rule 8.9, undefined symbol: 'QS_fun_dict' 
"C:\qp_lab\qpc\include\qf.h" 661 1 Info 757: global declarator 'QF_deleteRef_(const void *)' (line 661, file C:\qp_lab\qpc\include\qf.h) not referenced
 Note 960: Violates MISRA 2004 Required Rule 8.9, undefined symbol: 'QF_deleteRef_' 
"C:\qp_lab\qpc\include\qf.h" 589 1 Info 757: global declarator 'QF_tickX_(uint_fast8_t, const void *)' (line 589, file C:\qp_lab\qpc\include\qf.h) not referenced
 Note 960: Violates MISRA 2004 Required Rule 8.9, undefined symbol: 'QF_tickX_' 
"C:\qp_lab\qpc\src\qf_pkg.h" 143 1 Warning 526: Symbol 'QF_timeEvtHead_' (line 143, file C:\qp_lab\qpc\src\qf_pkg.h) not defined
"C:\qp_lab\qpc\include\qk.h" 105 1 Warning 526: Symbol 'QK_onContextSw(struct QActive *, struct QActive *)' (line 105, file C:\qp_lab\qpc\include\qk.h) not defined
 Note 960: Violates MISRA 2004 Required Rule 8.9, undefined symbol: 'QK_onContextSw' 
"C:\qp_lab\qpc\include\qk.h" 122 1 Warning 526: Symbol 'QK_onIdle(void)' (line 122, file C:\qp_lab\qpc\include\qk.h) not defined
 Note 960: Violates MISRA 2004 Required Rule 8.9, undefined symbol: 'QK_onIdle' 
"C:\qp_lab\qpc\include\qs.h" 318 1 Info 757: global declarator 'QS_getByte(void)' (line 318, file C:\qp_lab\qpc\include\qs.h) not referenced
 Note 960: Violates MISRA 2004 Required Rule 8.9, undefined symbol: 'QS_getByte' 
"C:\qp_lab\qpc\include\qs.h" 324 1 Info 757: global declarator 'QS_getBlock(uint16_t *)' (line 324, file C:\qp_lab\qpc\include\qs.h) not referenced
 Note 960: Violates MISRA 2004 Required Rule 8.9, undefined symbol: 'QS_getBlock' 
"C:\qp_lab\qpc\ports\lint\stdint.h" 37 1 Info 756: global typedef 'int_fast16_t' (line 37, file C:\qp_lab\qpc\ports\lint\stdint.h) not referenced
"C:\qp_lab\qpc\ports\lint\stdint.h" 39 1 Info 756: global typedef 'int_fast32_t' (line 39, file C:\qp_lab\qpc\ports\lint\stdint.h) not referenced
"C:\qp_lab\qpc\ports\lint\stdint.h" 35 1 Info 756: global typedef 'int_fast8_t' (line 35, file C:\qp_lab\qpc\ports\lint\stdint.h) not referenced
"C:\qp_lab\qpc\include\qf.h" 472 1 Info 757: global declarator 'QTimeEvt_armX(struct QTimeEvt *, QTimeEvtCtr, QTimeEvtCtr)' (line 472, file C:\qp_lab\qpc\include\qf.h) not referenced
 Note 960: Violates MISRA 2004 Required Rule 8.9, undefined symbol: 'QTimeEvt_armX' 
"C:\qp_lab\qpc\include\qf.h" 468 1 Info 757: global declarator 'QTimeEvt_ctorX(struct QTimeEvt *, struct QActive *, enum_t, uint_fast8_t)' (line 468, file C:\qp_lab\qpc\include\qf.h) not referenced
 Note 960: Violates MISRA 2004 Required Rule 8.9, undefined symbol: 'QTimeEvt_ctorX' 
"C:\qp_lab\qpc\include\qf.h" 479 1 Info 757: global declarator 'QTimeEvt_disarm(struct QTimeEvt *)' (line 479, file C:\qp_lab\qpc\include\qf.h) not referenced
 Note 960: Violates MISRA 2004 Required Rule 8.9, undefined symbol: 'QTimeEvt_disarm' 
"C:\qp_lab\qpc\include\qf.h" 485 1 Info 757: global declarator 'QTimeEvt_currCtr(const struct QTimeEvt *)' (line 485, file C:\qp_lab\qpc\include\qf.h) not referenced
 Note 960: Violates MISRA 2004 Required Rule 8.9, undefined symbol: 'QTimeEvt_currCtr' 
"C:\qp_lab\qpc\include\qf.h" 476 1 Info 757: global declarator 'QTimeEvt_rearm(struct QTimeEvt *, QTimeEvtCtr)' (line 476, file C:\qp_lab\qpc\include\qf.h) not referenced
 Note 960: Violates MISRA 2004 Required Rule 8.9, undefined symbol: 'QTimeEvt_rearm' 
"C:\qp_lab\qpc\include\qf.h" 482 1 Info 757: global declarator 'QTimeEvt_wasDisarmed(struct QTimeEvt *)' (line 482, file C:\qp_lab\qpc\include\qf.h) not referenced
 Note 960: Violates MISRA 2004 Required Rule 8.9, undefined symbol: 'QTimeEvt_wasDisarmed' 
"C:\qp_lab\qpc\ports\lint\stdint.h" 25 1 Info 756: global typedef 'int16_t' (line 25, file C:\qp_lab\qpc\ports\lint\stdint.h) not referenced
"C:\qp_lab\qpc\include\qequeue.h" 184 1 Info 757: global declarator 'QEQueue_get(struct QEQueue *)' (line 184, file C:\qp_lab\qpc\include\qequeue.h) not referenced
 Note 960: Violates MISRA 2004 Required Rule 8.9, undefined symbol: 'QEQueue_get' 
"C:\qp_lab\qpc\include\qequeue.h" 173 1 Warning 526: Symbol 'QEQueue_init(struct QEQueue *, const QEvt **, uint_fast16_t)' (line 173, file C:\qp_lab\qpc\include\qequeue.h) not defined
 Note 960: Violates MISRA 2004 Required Rule 8.9, undefined symbol: 'QEQueue_init' 
"C:\qp_lab\qpc\include\qequeue.h" 177 1 Info 757: global declarator 'QEQueue_post(struct QEQueue *, const QEvt *, uint_fast16_t)' (line 177, file C:\qp_lab\qpc\include\qequeue.h) not referenced
 Note 960: Violates MISRA 2004 Required Rule 8.9, undefined symbol: 'QEQueue_post' 
"C:\qp_lab\qpc\include\qequeue.h" 181 1 Info 757: global declarator 'QEQueue_postLIFO(struct QEQueue *, const QEvt *)' (line 181, file C:\qp_lab\qpc\include\qequeue.h) not referenced
 Note 960: Violates MISRA 2004 Required Rule 8.9, undefined symbol: 'QEQueue_postLIFO' 
"C:\qp_lab\qpc\include\qs.h" 241 1 Info 757: global declarator 'QS_initBuf(uint8_t *, uint_fast16_t)' (line 241, file C:\qp_lab\qpc\include\qs.h) not referenced
 Note 960: Violates MISRA 2004 Required Rule 8.9, undefined symbol: 'QS_initBuf' 
"C:\qp_lab\qpc\include\qf.h" 780 1 Warning 526: Symbol 'QF_gc(const QEvt *)' (line 780, file C:\qp_lab\qpc\include\qf.h) not defined
 Note 960: Violates MISRA 2004 Required Rule 8.9, undefined symbol: 'QF_gc' 
"C:\qp_lab\qpc\include\qf.h" 647 1 Info 757: global declarator 'QF_getPoolMin(uint_fast8_t)' (line 647, file C:\qp_lab\qpc\include\qf.h) not referenced
 Note 960: Violates MISRA 2004 Required Rule 8.9, undefined symbol: 'QF_getPoolMin' 
"C:\qp_lab\qpc\include\qf.h" 651 1 Info 757: global declarator 'QF_getQueueMin(uint_fast8_t)' (line 651, file C:\qp_lab\qpc\include\qf.h) not referenced
 Note 960: Violates MISRA 2004 Required Rule 8.9, undefined symbol: 'QF_getQueueMin' 
"C:\qp_lab\qpc\include\qmpool.h" 154 1 Info 757: global declarator 'QMPool_get(QMPool *, uint_fast16_t)' (line 154, file C:\qp_lab\qpc\include\qmpool.h) not referenced
 Note 960: Violates MISRA 2004 Required Rule 8.9, undefined symbol: 'QMPool_get' 
"C:\qp_lab\qpc\include\qmpool.h" 150 1 Info 757: global declarator 'QMPool_init(QMPool *, void *, uint_fast32_t, uint_fast16_t)' (line 150, file C:\qp_lab\qpc\include\qmpool.h) not referenced
 Note 960: Violates MISRA 2004 Required Rule 8.9, undefined symbol: 'QMPool_init' 
"C:\qp_lab\qpc\include\qmpool.h" 157 1 Info 757: global declarator 'QMPool_put(QMPool *, void *)' (line 157, file C:\qp_lab\qpc\include\qmpool.h) not referenced
 Note 960: Violates MISRA 2004 Required Rule 8.9, undefined symbol: 'QMPool_put' 
"C:\qp_lab\qpc\include\qassert.h" 248 1 Warning 526: Symbol 'Q_onAssert(const char_t *, int_t)' (line 248, file C:\qp_lab\qpc\include\qassert.h) not defined
 Note 960: Violates MISRA 2004 Required Rule 8.9, undefined symbol: 'Q_onAssert' 
"C:\qp_lab\qpc\ports\lint\stdint.h" 26 1 Info 756: global typedef 'int32_t' (line 26, file C:\qp_lab\qpc\ports\lint\stdint.h) not referenced
"C:\qp_lab\qpc\src\qf_pkg.h" 164 1 Info 756: global typedef 'QFreeBlock' (line 164, file C:\qp_lab\qpc\src\qf_pkg.h) not referenced
"C:\qp_lab\qpc\src\qk\qk.c" 219 1 Info 714: Symbol 'QK_schedLock(uint_fast8_t)' (line 219, file C:\qp_lab\qpc\src\qk\qk.c) not referenced
"C:\qp_lab\qpc\src\qk\qk.c" 269 1 Info 714: Symbol 'QK_schedUnlock(QSchedStatus)' (line 269, file C:\qp_lab\qpc\src\qk\qk.c) not referenced
"C:\qp_lab\qpc\include\qep.h" 388 1 Info 756: global typedef 'QMsmVtbl' (line 388, file C:\qp_lab\qpc\include\qep.h) not referenced
"C:\qp_lab\qpc\include\qep.h" 444 1 Info 757: global declarator 'QMsm_childStateObj_(const QMsm *, const struct QMState *)' (line 444, file C:\qp_lab\qpc\include\qep.h) not referenced
 Note 960: Violates MISRA 2004 Required Rule 8.9, undefined symbol: 'QMsm_childStateObj_' 
"C:\qp_lab\qpc\include\qep.h" 417 1 Info 757: global declarator 'QMsm_ctor(QMsm *, QStateHandler)' (line 417, file C:\qp_lab\qpc\include\qep.h) not referenced
 Note 960: Violates MISRA 2004 Required Rule 8.9, undefined symbol: 'QMsm_ctor' 
"C:\qp_lab\qpc\include\qep.h" 423 1 Info 757: global declarator 'QMsm_dispatch_(QMsm *, const QEvt *)' (line 423, file C:\qp_lab\qpc\include\qep.h) not referenced
 Note 960: Violates MISRA 2004 Required Rule 8.9, undefined symbol: 'QMsm_dispatch_' 
"C:\qp_lab\qpc\include\qep.h" 420 1 Info 757: global declarator 'QMsm_init_(QMsm *, const QEvt *)' (line 420, file C:\qp_lab\qpc\include\qep.h) not referenced
 Note 960: Violates MISRA 2004 Required Rule 8.9, undefined symbol: 'QMsm_init_' 
"C:\qp_lab\qpc\include\qep.h" 450 1 Info 757: global declarator 'QMsm_isInState(const QMsm *, const struct QMState *)' (line 450, file C:\qp_lab\qpc\include\qep.h) not referenced
 Note 960: Violates MISRA 2004 Required Rule 8.9, undefined symbol: 'QMsm_isInState' 
"C:\qp_lab\qpc\ports\lint\qk\qf_port.h" 211 1 Warning 526: Symbol 'intDisable(void)' (line 211, file C:\qp_lab\qpc\ports\lint\qk\qf_port.h) not defined
 Note 960: Violates MISRA 2004 Required Rule 8.9, undefined symbol: 'intDisable' 
"C:\qp_lab\qpc\src\qk\qk.c" 71 1 Info 714: Symbol 'QF_init(void)' (line 71, file C:\qp_lab\qpc\src\qk\qk.c) not referenced
"C:\qp_lab\qpc\ports\lint\qk\qk_port.h" 92 1 Warning 526: Symbol 'get_IPSR(void)' (line 92, file C:\qp_lab\qpc\ports\lint\qk\qk_port.h) not defined
 Note 960: Violates MISRA 2004 Required Rule 8.9, undefined symbol: 'get_IPSR' 
"C:\qp_lab\qpc\include\qep.h" 550 1 Info 755: global macro 'QM_SM_EXIT' (line 550, file C:\qp_lab\qpc\include\qep.h) not referenced
"C:\qp_lab\qpc\include\qep.h" 615 1 Info 755: global macro 'QM_STATE_NULL' (line 615, file C:\qp_lab\qpc\include\qep.h) not referenced
"C:\qp_lab\qpc\include\qep.h" 604 1 Info 755: global macro 'QM_SUPER' (line 604, file C:\qp_lab\qpc\include\qep.h) not referenced
"C:\qp_lab\qpc\include\qep.h" 610 1 Info 755: global macro 'QM_SUPER_SUB' (line 610, file C:\qp_lab\qpc\include\qep.h) not referenced
"C:\qp_lab\qpc\src\qf_pkg.h" 231 1 Info 755: global macro 'QS_MPS_' (line 231, file C:\qp_lab\qpc\src\qf_pkg.h) not referenced
"C:\qp_lab\qpc\src\qf_pkg.h" 245 1 Info 755: global macro 'QS_MPC_' (line 245, file C:\qp_lab\qpc\src\qf_pkg.h) not referenced
"C:\qp_lab\qpc\include\qs.h" 863 1 Info 755: global macro 'QS_MEM' (line 863, file C:\qp_lab\qpc\include\qs.h) not referenced
"C:\qp_lab\qpc\ports\lint\stdbool.h" 17 1 Info 755: global macro 'true' (line 17, file C:\qp_lab\qpc\ports\lint\stdbool.h) not referenced
"C:\qp_lab\qpc\include\qep.h" 557 1 Info 755: global macro 'QM_TRAN' (line 557, file C:\qp_lab\qpc\include\qep.h) not referenced
"C:\qp_lab\qpc\include\qep.h" 572 1 Info 755: global macro 'QM_TRAN_HIST' (line 572, file C:\qp_lab\qpc\include\qep.h) not referenced
"C:\qp_lab\qpc\include\qep.h" 579 1 Info 755: global macro 'QM_TRAN_EP' (line 579, file C:\qp_lab\qpc\include\qep.h) not referenced
"C:\qp_lab\qpc\include\qep.h" 564 1 Info 755: global macro 'QM_TRAN_INIT' (line 564, file C:\qp_lab\qpc\include\qep.h) not referenced
"C:\qp_lab\qpc\include\qep.h" 587 1 Info 755: global macro 'QM_TRAN_XP' (line 587, file C:\qp_lab\qpc\include\qep.h) not referenced
"C:\qp_lab\qpc\include\qk.h" 148 1 Info 755: global macro 'QK_getVersion' (line 148, file C:\qp_lab\qpc\include\qk.h) not referenced
"C:\qp_lab\qpc\include\qep.h" 531 1 Info 755: global macro 'QM_ENTRY' (line 531, file C:\qp_lab\qpc\include\qep.h) not referenced
"C:\qp_lab\qpc\include\qep.h" 537 1 Info 755: global macro 'QM_EXIT' (line 537, file C:\qp_lab\qpc\include\qep.h) not referenced
"C:\qp_lab\qpc\include\qep.h" 599 1 Info 755: global macro 'QM_UNHANDLED' (line 599, file C:\qp_lab\qpc\include\qep.h) not referenced
"C:\qp_lab\qpc\include\qep.h" 57 1 Info 755: global macro 'QP_RELEASE' (line 57, file C:\qp_lab\qpc\include\qep.h) not referenced
"C:\qp_lab\qpc\include\qs.h" 871 1 Info 755: global macro 'QS_OBJ' (line 871, file C:\qp_lab\qpc\include\qs.h) not referenced
"C:\qp_lab\qpc\include\qs.h" 757 1 Info 755: global macro 'QS_OBJ_' (line 757, file C:\qp_lab\qpc\include\qs.h) not referenced
"C:\qp_lab\qpc\include\qs.h" 981 1 Info 755: global macro 'QS_OBJ_DICTIONARY' (line 981, file C:\qp_lab\qpc\include\qs.h) not referenced
"C:\qp_lab\qpc\include\qs.h" 1191 1 Info 755: global macro 'QS_OUTPUT' (line 1191, file C:\qp_lab\qpc\include\qs.h) not referenced
"C:\qp_lab\qpc\include\qmpool.h" 166 1 Info 755: global macro 'QF_MPOOL_EL' (line 166, file C:\qp_lab\qpc\include\qmpool.h) not referenced
"C:\qp_lab\qpc\include\qs.h" 234 1 Info 755: global macro 'QS_PTR_AT_' (line 234, file C:\qp_lab\qpc\include\qs.h) not referenced
"C:\qp_lab\qpc\include\qassert.h" 281 1 Info 755: global macro 'Q_ENSURE' (line 281, file C:\qp_lab\qpc\include\qassert.h) not referenced
"C:\qp_lab\qpc\include\qassert.h" 292 1 Info 755: global macro 'Q_ENSURE_ID' (line 292, file C:\qp_lab\qpc\include\qassert.h) not referenced
"C:\qp_lab\qpc\include\qf.h" 703 1 Info 755: global macro 'Q_NEW' (line 703, file C:\qp_lab\qpc\include\qf.h) not referenced
"C:\qp_lab\qpc\include\qf.h" 732 1 Info 755: global macro 'Q_NEW_X' (line 732, file C:\qp_lab\qpc\include\qf.h) not referenced
"C:\qp_lab\qpc\include\qf.h" 757 1 Info 755: global macro 'Q_NEW_REF' (line 757, file C:\qp_lab\qpc\include\qf.h) not referenced
"C:\qp_lab\qpc\include\qep.h" 486 1 Info 755: global macro 'Q_UNHANDLED' (line 486, file C:\qp_lab\qpc\include\qep.h) not referenced
"C:\qp_lab\qpc\include\qf.h" 632 1 Info 755: global macro 'QF_NO_MARGIN' (line 632, file C:\qp_lab\qpc\include\qf.h) not referenced
"C:\qp_lab\qpc\ports\lint\qk\qk_port.h" 66 1 Info 755: global macro 'QK_ISR_ENTRY' (line 66, file C:\qp_lab\qpc\ports\lint\qk\qk_port.h) not referenced
"C:\qp_lab\qpc\ports\lint\qk\qk_port.h" 87 1 Info 755: global macro 'QK_ISR_EXIT' (line 87, file C:\qp_lab\qpc\ports\lint\qk\qk_port.h) not referenced
"C:\qp_lab\qpc\include\qs.h" 1027 1 Info 755: global macro 'QS_ASSERTION' (line 1027, file C:\qp_lab\qpc\include\qs.h) not referenced
"C:\qp_lab\qpc\include\qep.h" 233 1 Info 755: global macro 'Q_ACTION_CAST' (line 233, file C:\qp_lab\qpc\include\qep.h) not referenced
"C:\qp_lab\qpc\include\qep.h" 491 1 Info 755: global macro 'Q_ACTION_NULL' (line 491, file C:\qp_lab\qpc\include\qep.h) not referenced
"C:\qp_lab\qpc\include\qassert.h" 328 1 Info 755: global macro 'Q_ASSERT_COMPILE' (line 328, file C:\qp_lab\qpc\include\qassert.h) not referenced
"C:\qp_lab\qpc\src\qf_pkg.h" 104 1 Info 755: global macro 'Q_ASSERT_CRIT_' (line 104, file C:\qp_lab\qpc\src\qf_pkg.h) not referenced
"C:\qp_lab\qpc\include\qassert.h" 326 1 Info 755: global macro 'Q_ASSERT_STATIC' (line 326, file C:\qp_lab\qpc\include\qassert.h) not referenced
"C:\qp_lab\qpc\include\qep.h" 101 1 Info 755: global macro 'QEP_getVersion' (line 101, file C:\qp_lab\qpc\include\qep.h) not referenced
"C:\qp_lab\qpc\include\qep.h" 592 1 Info 755: global macro 'QM_HANDLED' (line 592, file C:\qp_lab\qpc\include\qep.h) not referenced
"C:\qp_lab\qpc\include\qs.h" 664 1 Info 755: global macro 'QS_BEGIN' (line 664, file C:\qp_lab\qpc\include\qs.h) not referenced
"C:\qp_lab\qpc\include\qs.h" 688 1 Info 755: global macro 'QS_BEGIN_' (line 688, file C:\qp_lab\qpc\include\qs.h) not referenced
"C:\qp_lab\qpc\include\qs.h" 573 1 Info 755: global macro 'QS_BEGIN_NOCRIT' (line 573, file C:\qp_lab\qpc\include\qs.h) not referenced
"C:\qp_lab\qpc\include\qs.h" 1176 1 Info 755: global macro 'QS_RX_PUT' (line 1176, file C:\qp_lab\qpc\include\qs.h) not referenced
"C:\qp_lab\qpc\include\qs.h" 1196 1 Info 755: global macro 'QS_RX_INPUT' (line 1196, file C:\qp_lab\qpc\include\qs.h) not referenced
"C:\qp_lab\qpc\include\qf.h" 578 1 Info 755: global macro 'QF_PUBLISH' (line 578, file C:\qp_lab\qpc\include\qf.h) not referenced
"C:\qp_lab\qpc\src\qf_pkg.h" 175 1 Info 755: global macro 'QF_PTR_AT_' (line 175, file C:\qp_lab\qpc\src\qf_pkg.h) not referenced
"C:\qp_lab\qpc\src\qf_pkg.h" 185 1 Info 755: global macro 'QF_PTR_RANGE_' (line 185, file C:\qp_lab\qpc\src\qf_pkg.h) not referenced
"C:\qp_lab\qpc\include\qep.h" 48 1 Info 755: global macro 'QP_VERSION' (line 48, file C:\qp_lab\qpc\include\qep.h) not referenced
"C:\qp_lab\qpc\include\qep.h" 54 1 Info 755: global macro 'QP_VERSION_STR' (line 54, file C:\qp_lab\qpc\include\qep.h) not referenced
"C:\qp_lab\qpc\include\qs.h" 639 1 Info 755: global macro 'QS_CRIT_ENTRY_' (line 639, file C:\qp_lab\qpc\include\qs.h) not referenced
"C:\qp_lab\qpc\include\qs.h" 640 1 Info 755: global macro 'QS_CRIT_EXIT_' (line 640, file C:\qp_lab\qpc\include\qs.h) not referenced
"C:\qp_lab\qpc\include\qs.h" 638 1 Info 755: global macro 'QS_CRIT_STAT_' (line 638, file C:\qp_lab\qpc\include\qs.h) not referenced
"C:\qp_lab\qpc\include\qs.h" 736 1 Info 755: global macro 'QS_STR_' (line 736, file C:\qp_lab\qpc\include\qs.h) not referenced
"C:\qp_lab\qpc\include\qs.h" 901 1 Info 755: global macro 'QS_SIG' (line 901, file C:\qp_lab\qpc\include\qs.h) not referenced
"C:\qp_lab\qpc\include\qs.h" 746 1 Info 755: global macro 'QS_SIG_' (line 746, file C:\qp_lab\qpc\include\qs.h) not referenced
"C:\qp_lab\qpc\include\qs.h" 860 1 Info 755: global macro 'QS_STR' (line 860, file C:\qp_lab\qpc\include\qs.h) not referenced
"C:\qp_lab\qpc\include\qs.h" 962 1 Info 755: global macro 'QS_SIG_DICTIONARY' (line 962, file C:\qp_lab\qpc\include\qs.h) not referenced
"C:\qp_lab\qpc\include\qep.h" 457 1 Info 755: global macro 'Q_TRAN' (line 457, file C:\qp_lab\qpc\include\qep.h) not referenced
"C:\qp_lab\qpc\include\qep.h" 466 1 Info 755: global macro 'Q_TRAN_HIST' (line 466, file C:\qp_lab\qpc\include\qep.h) not referenced
"C:\qp_lab\qpc\ports\lint\stdbool.h" 18 1 Info 755: global macro 'false' (line 18, file C:\qp_lab\qpc\ports\lint\stdbool.h) not referenced
"C:\qp_lab\qpc\include\qep.h" 224 1 Info 755: global macro 'Q_STATE_CAST' (line 224, file C:\qp_lab\qpc\include\qep.h) not referenced
"C:\qp_lab\qpc\include\qs.h" 1068 1 Info 755: global macro 'QF_QS_ACTION' (line 1068, file C:\qp_lab\qpc\include\qs.h) not referenced
"C:\qp_lab\qpc\include\qs.h" 1044 1 Info 755: global macro 'QF_QS_CRIT_ENTRY' (line 1044, file C:\qp_lab\qpc\include\qs.h) not referenced
"C:\qp_lab\qpc\include\qs.h" 1051 1 Info 755: global macro 'QF_QS_CRIT_EXIT' (line 1051, file C:\qp_lab\qpc\include\qs.h) not referenced
"C:\qp_lab\qpc\include\qs.h" 1058 1 Info 755: global macro 'QF_QS_ISR_ENTRY' (line 1058, file C:\qp_lab\qpc\include\qs.h) not referenced
"C:\qp_lab\qpc\include\qs.h" 1065 1 Info 755: global macro 'QF_QS_ISR_EXIT' (line 1065, file C:\qp_lab\qpc\include\qs.h) not referenced
"C:\qp_lab\qpc\src\qf_pkg.h" 260 1 Info 755: global macro 'QS_TEC_' (line 260, file C:\qp_lab\qpc\src\qf_pkg.h) not referenced
"C:\qp_lab\qpc\include\qassert.h" 196 1 Info 755: global macro 'Q_ERROR' (line 196, file C:\qp_lab\qpc\include\qassert.h) not referenced
"C:\qp_lab\qpc\include\qs.h" 1267 1 Info 755: global macro 'QS_TEST_PROBE' (line 1267, file C:\qp_lab\qpc\include\qs.h) not referenced
"C:\qp_lab\qpc\include\qs.h" 1269 1 Info 755: global macro 'QS_TEST_PAUSE' (line 1269, file C:\qp_lab\qpc\include\qs.h) not referenced
"C:\qp_lab\qpc\include\qs.h" 1266 1 Info 755: global macro 'QS_TEST_PROBE_DEF' (line 1266, file C:\qp_lab\qpc\include\qs.h) not referenced
"C:\qp_lab\qpc\include\qs.h" 1268 1 Info 755: global macro 'QS_TEST_PROBE_ID' (line 1268, file C:\qp_lab\qpc\include\qs.h) not referenced
"C:\qp_lab\qpc\src\qf_pkg.h" 111 1 Info 755: global macro 'Q_ERROR_CRIT_' (line 111, file C:\qp_lab\qpc\src\qf_pkg.h) not referenced
"C:\qp_lab\qpc\include\qassert.h" 212 1 Info 755: global macro 'Q_ERROR_ID' (line 212, file C:\qp_lab\qpc\include\qassert.h) not referenced
"C:\qp_lab\qpc\include\qassert.h" 262 1 Info 755: global macro 'Q_REQUIRE' (line 262, file C:\qp_lab\qpc\include\qassert.h) not referenced
"C:\qp_lab\qpc\include\qassert.h" 302 1 Info 755: global macro 'Q_INVARIANT' (line 302, file C:\qp_lab\qpc\include\qassert.h) not referenced
"C:\qp_lab\qpc\include\qassert.h" 313 1 Info 755: global macro 'Q_INVARIANT_ID' (line 313, file C:\qp_lab\qpc\include\qassert.h) not referenced
"C:\qp_lab\qpc\src\qf_pkg.h" 106 1 Info 755: global macro 'Q_REQUIRE_CRIT_' (line 106, file C:\qp_lab\qpc\src\qf_pkg.h) not referenced
"C:\qp_lab\qpc\include\qs.h" 321 1 Info 755: global macro 'QS_EOD' (line 321, file C:\qp_lab\qpc\include\qs.h) not referenced
"C:\qp_lab\qpc\include\qs.h" 671 1 Info 755: global macro 'QS_END' (line 671, file C:\qp_lab\qpc\include\qs.h) not referenced
"C:\qp_lab\qpc\include\qs.h" 698 1 Info 755: global macro 'QS_END_' (line 698, file C:\qp_lab\qpc\include\qs.h) not referenced
"C:\qp_lab\qpc\include\qs.h" 577 1 Info 755: global macro 'QS_END_NOCRIT' (line 577, file C:\qp_lab\qpc\include\qs.h) not referenced
"C:\qp_lab\qpc\src\qf_pkg.h" 197 1 Info 755: global macro 'QS_EQC_' (line 197, file C:\qp_lab\qpc\src\qf_pkg.h) not referenced
"C:\qp_lab\qpc\src\qf_pkg.h" 216 1 Info 755: global macro 'QS_EVS_' (line 216, file C:\qp_lab\qpc\src\qf_pkg.h) not referenced
"C:\qp_lab\qpc\include\qs.h" 407 1 Info 755: global macro 'QS_EXIT' (line 407, file C:\qp_lab\qpc\include\qs.h) not referenced
"C:\qp_lab\qpc\include\qs.h" 829 1 Info 755: global macro 'QS_U16' (line 829, file C:\qp_lab\qpc\include\qs.h) not referenced
"C:\qp_lab\qpc\include\qs.h" 730 1 Info 755: global macro 'QS_U16_' (line 730, file C:\qp_lab\qpc\include\qs.h) not referenced
"C:\qp_lab\qpc\include\qs.h" 837 1 Info 755: global macro 'QS_U32' (line 837, file C:\qp_lab\qpc\include\qs.h) not referenced
"C:\qp_lab\qpc\include\qs.h" 733 1 Info 755: global macro 'QS_U32_' (line 733, file C:\qp_lab\qpc\include\qs.h) not referenced
"C:\qp_lab\qpc\include\qs.h" 821 1 Info 755: global macro 'QS_U8' (line 821, file C:\qp_lab\qpc\include\qs.h) not referenced
"C:\qp_lab\qpc\include\qs.h" 853 1 Info 755: global macro 'QS_U64' (line 853, file C:\qp_lab\qpc\include\qs.h) not referenced
"C:\qp_lab\qpc\include\qs.h" 857 1 Info 755: global macro 'QS_U32_HEX' (line 857, file C:\qp_lab\qpc\include\qs.h) not referenced
"C:\qp_lab\qpc\include\qs.h" 1010 1 Info 755: global macro 'QS_USR_DICTIONARY' (line 1010, file C:\qp_lab\qpc\include\qs.h) not referenced
"C:\qp_lab\qpc\include\qep.h" 475 1 Info 755: global macro 'Q_SUPER' (line 475, file C:\qp_lab\qpc\include\qep.h) not referenced
"C:\qp_lab\qpc\include\qk.h" 196 1 Info 755: global macro 'QACTIVE_EQUEUE_SIGNAL_' (line 196, file C:\qp_lab\qpc\include\qk.h) not referenced
"C:\qp_lab\qpc\include\qk.h" 187 1 Info 755: global macro 'QACTIVE_EQUEUE_WAIT_' (line 187, file C:\qp_lab\qpc\include\qk.h) not referenced
"C:\qp_lab\qpc\include\qf.h" 219 1 Info 755: global macro 'QACTIVE_START' (line 219, file C:\qp_lab\qpc\include\qf.h) not referenced
"C:\qp_lab\qpc\include\qf.h" 249 1 Info 755: global macro 'QACTIVE_POST' (line 249, file C:\qp_lab\qpc\include\qf.h) not referenced
"C:\qp_lab\qpc\include\qf.h" 287 1 Info 755: global macro 'QACTIVE_POST_X' (line 287, file C:\qp_lab\qpc\include\qf.h) not referenced
"C:\qp_lab\qpc\include\qf.h" 307 1 Info 755: global macro 'QACTIVE_POST_LIFO' (line 307, file C:\qp_lab\qpc\include\qf.h) not referenced
"C:\qp_lab\qpc\include\qk.h" 176 1 Info 755: global macro 'QF_SCHED_LOCK_' (line 176, file C:\qp_lab\qpc\include\qk.h) not referenced
"C:\qp_lab\qpc\include\qk.h" 167 1 Info 755: global macro 'QF_SCHED_STAT_' (line 167, file C:\qp_lab\qpc\include\qk.h) not referenced
"C:\qp_lab\qpc\include\qk.h" 183 1 Info 755: global macro 'QF_SCHED_UNLOCK_' (line 183, file C:\qp_lab\qpc\include\qk.h) not referenced
"C:\qp_lab\qpc\include\qep.h" 347 1 Info 755: global macro 'QHsm_childState' (line 347, file C:\qp_lab\qpc\include\qep.h) not referenced
"C:\qp_lab\qpc\include\qep.h" 337 1 Info 755: global macro 'QHsm_state' (line 337, file C:\qp_lab\qpc\include\qep.h) not referenced
"C:\qp_lab\qpc\include\qpset.h" 68 1 Info 755: global macro 'QPSet_setEmpty' (line 68, file C:\qp_lab\qpc\include\qpset.h) not referenced
"C:\qp_lab\qpc\include\qpset.h" 78 1 Info 755: global macro 'QPSet_hasElement' (line 78, file C:\qp_lab\qpc\include\qpset.h) not referenced
"C:\qp_lab\qpc\include\qpset.h" 82 1 Info 755: global macro 'QPSet_insert' (line 82, file C:\qp_lab\qpc\include\qpset.h) not referenced
"C:\qp_lab\qpc\include\qpset.h" 71 1 Info 755: global macro 'QPSet_isEmpty' (line 71, file C:\qp_lab\qpc\include\qpset.h) not referenced
"C:\qp_lab\qpc\include\qpset.h" 74 1 Info 755: global macro 'QPSet_notEmpty' (line 74, file C:\qp_lab\qpc\include\qpset.h) not referenced
"C:\qp_lab\qpc\include\qf.h" 777 1 Info 755: global macro 'Q_DELETE_REF' (line 777, file C:\qp_lab\qpc\include\qf.h) not referenced
"C:\qp_lab\qpc\include\qs.h" 431 1 Info 755: global macro 'QS_FILTER_OFF' (line 431, file C:\qp_lab\qpc\include\qs.h) not referenced
"C:\qp_lab\qpc\include\qs.h" 841 1 Info 755: global macro 'QS_F32' (line 841, file C:\qp_lab\qpc\include\qs.h) not referenced
"C:\qp_lab\qpc\include\qs.h" 845 1 Info 755: global macro 'QS_F64' (line 845, file C:\qp_lab\qpc\include\qs.h) not referenced
"C:\qp_lab\qpc\include\qs.h" 481 1 Info 755: global macro 'QS_FILTER_AO_OBJ' (line 481, file C:\qp_lab\qpc\include\qs.h) not referenced
"C:\qp_lab\qpc\include\qs.h" 501 1 Info 755: global macro 'QS_FILTER_MP_OBJ' (line 501, file C:\qp_lab\qpc\include\qs.h) not referenced
"C:\qp_lab\qpc\include\qs.h" 521 1 Info 755: global macro 'QS_FILTER_EQ_OBJ' (line 521, file C:\qp_lab\qpc\include\qs.h) not referenced
"C:\qp_lab\qpc\include\qs.h" 559 1 Info 755: global macro 'QS_FILTER_AP_OBJ' (line 559, file C:\qp_lab\qpc\include\qs.h) not referenced
"C:\qp_lab\qpc\include\qs.h" 418 1 Info 755: global macro 'QS_FILTER_ON' (line 418, file C:\qp_lab\qpc\include\qs.h) not referenced
"C:\qp_lab\qpc\include\qs.h" 459 1 Info 755: global macro 'QS_FILTER_SM_OBJ' (line 459, file C:\qp_lab\qpc\include\qs.h) not referenced
"C:\qp_lab\qpc\include\qs.h" 542 1 Info 755: global macro 'QS_FILTER_TE_OBJ' (line 542, file C:\qp_lab\qpc\include\qs.h) not referenced
"C:\qp_lab\qpc\include\qs.h" 885 1 Info 755: global macro 'QS_FUN' (line 885, file C:\qp_lab\qpc\include\qs.h) not referenced
"C:\qp_lab\qpc\include\qs.h" 775 1 Info 755: global macro 'QS_FUN_' (line 775, file C:\qp_lab\qpc\include\qs.h) not referenced
"C:\qp_lab\qpc\include\qs.h" 999 1 Info 755: global macro 'QS_FUN_DICTIONARY' (line 999, file C:\qp_lab\qpc\include\qs.h) not referenced
"C:\qp_lab\qpc\include\qassert.h" 105 1 Info 755: global macro 'Q_DEFINE_THIS_FILE' (line 105, file C:\qp_lab\qpc\include\qassert.h) not referenced
"C:\qp_lab\qpc\include\qep.h" 480 1 Info 755: global macro 'Q_HANDLED' (line 480, file C:\qp_lab\qpc\include\qep.h) not referenced
"C:\qp_lab\qpc\include\qf.h" 620 1 Info 755: global macro 'QF_TICK_X' (line 620, file C:\qp_lab\qpc\include\qf.h) not referenced
"C:\qp_lab\qpc\include\qf.h" 635 1 Info 755: global macro 'QF_TICK' (line 635, file C:\qp_lab\qpc\include\qf.h) not referenced
"C:\qp_lab\qpc\include\qs.h" 1071 1 Info 755: global macro 'QS_getVersion' (line 1071, file C:\qp_lab\qpc\include\qs.h) not referenced
"C:\qp_lab\qpc\include\qk.h" 202 1 Info 755: global macro 'QF_EPOOL_EVENT_SIZE_' (line 202, file C:\qp_lab\qpc\include\qk.h) not referenced
"C:\qp_lab\qpc\include\qk.h" 203 1 Info 755: global macro 'QF_EPOOL_GET_' (line 203, file C:\qp_lab\qpc\include\qk.h) not referenced
"C:\qp_lab\qpc\include\qk.h" 201 1 Info 755: global macro 'QF_EPOOL_INIT_' (line 201, file C:\qp_lab\qpc\include\qk.h) not referenced
"C:\qp_lab\qpc\include\qk.h" 204 1 Info 755: global macro 'QF_EPOOL_PUT_' (line 204, file C:\qp_lab\qpc\include\qk.h) not referenced
"C:\qp_lab\qpc\include\qep.h" 190 1 Info 755: global macro 'Q_EVT_CAST' (line 190, file C:\qp_lab\qpc\include\qep.h) not referenced
"C:\qp_lab\qpc\src\qf_pkg.h" 169 1 Info 755: global macro 'QF_EVT_REF_CTR_INC_' (line 169, file C:\qp_lab\qpc\src\qf_pkg.h) not referenced
"C:\qp_lab\qpc\src\qf_pkg.h" 172 1 Info 755: global macro 'QF_EVT_REF_CTR_DEC_' (line 172, file C:\qp_lab\qpc\src\qf_pkg.h) not referenced
"C:\qp_lab\qpc\include\qep.h" 180 1 Info 755: global macro 'Q_HSM_UPCAST' (line 180, file C:\qp_lab\qpc\include\qep.h) not referenced
"C:\qp_lab\qpc\include\qequeue.h" 200 1 Info 755: global macro 'QEQueue_getNFree' (line 200, file C:\qp_lab\qpc\include\qequeue.h) not referenced
"C:\qp_lab\qpc\include\qequeue.h" 214 1 Info 755: global macro 'QEQueue_getNMin' (line 214, file C:\qp_lab\qpc\include\qequeue.h) not referenced
"C:\qp_lab\qpc\include\qequeue.h" 230 1 Info 755: global macro 'QEQueue_isEmpty' (line 230, file C:\qp_lab\qpc\include\qequeue.h) not referenced
"C:\qp_lab\qpc\include\qs.h" 398 1 Info 755: global macro 'QS_INIT' (line 398, file C:\qp_lab\qpc\include\qs.h) not referenced
"C:\qp_lab\qpc\include\qs.h" 817 1 Info 755: global macro 'QS_I8' (line 817, file C:\qp_lab\qpc\include\qs.h) not referenced
"C:\qp_lab\qpc\include\qs.h" 825 1 Info 755: global macro 'QS_I16' (line 825, file C:\qp_lab\qpc\include\qs.h) not referenced
"C:\qp_lab\qpc\include\qs.h" 833 1 Info 755: global macro 'QS_I32' (line 833, file C:\qp_lab\qpc\include\qs.h) not referenced
"C:\qp_lab\qpc\include\qs.h" 849 1 Info 755: global macro 'QS_I64' (line 849, file C:\qp_lab\qpc\include\qs.h) not referenced
"C:\qp_lab\qpc\include\qf.h" 825 1 Info 755: global macro 'QF_getVersion' (line 825, file C:\qp_lab\qpc\include\qf.h) not referenced
"C:\qp_lab\qpc\include\qassert.h" 171 1 Info 755: global macro 'Q_ALLEGE' (line 171, file C:\qp_lab\qpc\include\qassert.h) not referenced
"C:\qp_lab\qpc\include\qassert.h" 186 1 Info 755: global macro 'Q_ALLEGE_ID' (line 186, file C:\qp_lab\qpc\include\qassert.h) not referenced
"C:\qp_lab\qpc\include\qassert.h" 331 1 Info 755: global macro 'Q_DIM' (line 331, file C:\qp_lab\qpc\include\qassert.h) not referenced
"C:\qp_lab\qpc\include\qep.h" 431 1 Info 755: global macro 'QMsm_stateObj' (line 431, file C:\qp_lab\qpc\include\qep.h) not referenced
"C:\qp_lab\qpc\include\qep.h" 441 1 Info 755: global macro 'QMsm_childStateObj' (line 441, file C:\qp_lab\qpc\include\qep.h) not referenced
"C:\qp_lab\qpc\include\qep.h" 201 1 Info 755: global macro 'Q_UINT2PTR_CAST' (line 201, file C:\qp_lab\qpc\include\qep.h) not referenced
"C:\qp_lab\qpc\ports\lint\stdbool.h" 22 1 Info 755: global macro '__bool_true_false_are_defined' (line 22, file C:\qp_lab\qpc\ports\lint\stdbool.h) not referenced
"C:\qp_lab\qpc\include\qep.h" 499 1 Info 758: global enum '(untagged)' (line 499, file C:\qp_lab\qpc\include\qep.h) not referenced
"C:\qp_lab\qpc\include\qep.h" 618 1 Info 758: global enum '(untagged)' (line 618, file C:\qp_lab\qpc\include\qep.h) not referenced
"C:\qp_lab\qpc\src\qf_pkg.h" 150 1 Info 758: global enum '(untagged)' (line 150, file C:\qp_lab\qpc\src\qf_pkg.h) not referenced
"C:\qp_lab\qpc\include\qs.h" 170 1 Info 758: global enum 'QSpyRecordGroups' (line 170, file C:\qp_lab\qpc\include\qs.h) not referenced
"C:\qp_lab\qpc\include\qs.h" 188 1 Info 758: global enum 'QSpyUserRecords' (line 188, file C:\qp_lab\qpc\include\qs.h) not referenced
"C:\qp_lab\qpc\include\qs.h" 796 1 Info 758: global enum '(untagged)' (line 796, file C:\qp_lab\qpc\include\qs.h) not referenced
"C:\qp_lab\qpc\include\qs.h" 1089 1 Info 758: global enum 'OSpyObjCombnation' (line 1089, file C:\qp_lab\qpc\include\qs.h) not referenced
"C:\qp_lab\qpc\include\qs.h" 1119 1 Info 758: global enum 'QSpyRxRecords' (line 1119, file C:\qp_lab\qpc\include\qs.h) not referenced
"C:\qp_lab\qpc\include\qep.h" 154 1 Info 768: global struct member 'QEvt::sig' (line 154, file C:\qp_lab\qpc\include\qep.h) not referenced
"C:\qp_lab\qpc\include\qep.h" 155 1 Info 768: global struct member 'QEvt::poolId_' (line 155, file C:\qp_lab\qpc\include\qep.h) not referenced
"C:\qp_lab\qpc\include\qep.h" 156 1 Info 768: global struct member 'QEvt::refCtr_' (line 156, file C:\qp_lab\qpc\include\qep.h) not referenced
"C:\qp_lab\qpc\include\qep.h" 247 1 Info 768: global struct member 'QHsmAttr::fun' (line 247, file C:\qp_lab\qpc\include\qep.h) not referenced
"C:\qp_lab\qpc\include\qep.h" 248 1 Info 768: global struct member 'QHsmAttr::act' (line 248, file C:\qp_lab\qpc\include\qep.h) not referenced
"C:\qp_lab\qpc\include\qep.h" 249 1 Info 768: global struct member 'QHsmAttr::obj' (line 249, file C:\qp_lab\qpc\include\qep.h) not referenced
"C:\qp_lab\qpc\include\qep.h" 250 1 Info 768: global struct member 'QHsmAttr::tatbl' (line 250, file C:\qp_lab\qpc\include\qep.h) not referenced
"C:\qp_lab\qpc\include\qep.h" 280 1 Info 768: global struct member 'QHsm::state' (line 280, file C:\qp_lab\qpc\include\qep.h) not referenced
"C:\qp_lab\qpc\include\qep.h" 281 1 Info 768: global struct member 'QHsm::temp' (line 281, file C:\qp_lab\qpc\include\qep.h) not referenced
"C:\qp_lab\qpc\include\qep.h" 403 1 Info 768: global struct member 'QMState::superstate' (line 403, file C:\qp_lab\qpc\include\qep.h) not referenced
"C:\qp_lab\qpc\include\qep.h" 404 1 Info 768: global struct member 'QMState::stateHandler' (line 404, file C:\qp_lab\qpc\include\qep.h) not referenced
"C:\qp_lab\qpc\include\qep.h" 405 1 Info 768: global struct member 'QMState::entryAction' (line 405, file C:\qp_lab\qpc\include\qep.h) not referenced
"C:\qp_lab\qpc\include\qep.h" 406 1 Info 768: global struct member 'QMState::exitAction' (line 406, file C:\qp_lab\qpc\include\qep.h) not referenced
"C:\qp_lab\qpc\include\qep.h" 407 1 Info 768: global struct member 'QMState::initAction' (line 407, file C:\qp_lab\qpc\include\qep.h) not referenced
"C:\qp_lab\qpc\include\qep.h" 412 1 Info 768: global struct member 'QMTranActTable::target' (line 412, file C:\qp_lab\qpc\include\qep.h) not referenced
"C:\qp_lab\qpc\include\qep.h" 413 1 Info 768: global struct member 'QMTranActTable::act' (line 413, file C:\qp_lab\qpc\include\qep.h) not referenced
"C:\qp_lab\qpc\include\qep.h" 501 1 Info 769: global enumeration constant 'Q_RET_SUPER' (line 501, file C:\qp_lab\qpc\include\qep.h) not referenced
"C:\qp_lab\qpc\include\qep.h" 502 1 Info 769: global enumeration constant 'Q_RET_SUPER_SUB' (line 502, file C:\qp_lab\qpc\include\qep.h) not referenced
"C:\qp_lab\qpc\include\qep.h" 503 1 Info 769: global enumeration constant 'Q_RET_UNHANDLED' (line 503, file C:\qp_lab\qpc\include\qep.h) not referenced
"C:\qp_lab\qpc\include\qep.h" 506 1 Info 769: global enumeration constant 'Q_RET_HANDLED' (line 506, file C:\qp_lab\qpc\include\qep.h) not referenced
"C:\qp_lab\qpc\include\qep.h" 507 1 Info 769: global enumeration constant 'Q_RET_IGNORED' (line 507, file C:\qp_lab\qpc\include\qep.h) not referenced
"C:\qp_lab\qpc\include\qep.h" 510 1 Info 769: global enumeration constant 'Q_RET_ENTRY' (line 510, file C:\qp_lab\qpc\include\qep.h) not referenced
"C:\qp_lab\qpc\include\qep.h" 511 1 Info 769: global enumeration constant 'Q_RET_EXIT' (line 511, file C:\qp_lab\qpc\include\qep.h) not referenced
"C:\qp_lab\qpc\include\qep.h" 514 1 Info 769: global enumeration constant 'Q_RET_NULL' (line 514, file C:\qp_lab\qpc\include\qep.h) not referenced
"C:\qp_lab\qpc\include\qep.h" 517 1 Info 769: global enumeration constant 'Q_RET_TRAN' (line 517, file C:\qp_lab\qpc\include\qep.h) not referenced
"C:\qp_lab\qpc\include\qep.h" 518 1 Info 769: global enumeration constant 'Q_RET_TRAN_INIT' (line 518, file C:\qp_lab\qpc\include\qep.h) not referenced
"C:\qp_lab\qpc\include\qep.h" 519 1 Info 769: global enumeration constant 'Q_RET_TRAN_EP' (line 519, file C:\qp_lab\qpc\include\qep.h) not referenced
"C:\qp_lab\qpc\include\qep.h" 522 1 Info 769: global enumeration constant 'Q_RET_TRAN_HIST' (line 522, file C:\qp_lab\qpc\include\qep.h) not referenced
"C:\qp_lab\qpc\include\qep.h" 523 1 Info 769: global enumeration constant 'Q_RET_TRAN_XP' (line 523, file C:\qp_lab\qpc\include\qep.h) not referenced
"C:\qp_lab\qpc\include\qep.h" 619 1 Info 769: global enumeration constant 'Q_ENTRY_SIG' (line 619, file C:\qp_lab\qpc\include\qep.h) not referenced
"C:\qp_lab\qpc\include\qep.h" 620 1 Info 769: global enumeration constant 'Q_EXIT_SIG' (line 620, file C:\qp_lab\qpc\include\qep.h) not referenced
"C:\qp_lab\qpc\include\qep.h" 621 1 Info 769: global enumeration constant 'Q_INIT_SIG' (line 621, file C:\qp_lab\qpc\include\qep.h) not referenced
"C:\qp_lab\qpc\include\qep.h" 622 1 Info 769: global enumeration constant 'Q_USER_SIG' (line 622, file C:\qp_lab\qpc\include\qep.h) not referenced
"C:\qp_lab\qpc\include\qequeue.h" 130 1 Info 768: global struct member 'QEQueue' (line 130, file C:\qp_lab\qpc\include\qequeue.h) not referenced
"C:\qp_lab\qpc\include\qequeue.h" 146 1 Info 768: global struct member 'QEQueue::ring' (line 146, file C:\qp_lab\qpc\include\qequeue.h) not referenced
"C:\qp_lab\qpc\include\qequeue.h" 149 1 Info 768: global struct member 'QEQueue::end' (line 149, file C:\qp_lab\qpc\include\qequeue.h) not referenced
"C:\qp_lab\qpc\include\qequeue.h" 152 1 Info 768: global struct member 'QEQueue::head' (line 152, file C:\qp_lab\qpc\include\qequeue.h) not referenced
"C:\qp_lab\qpc\include\qequeue.h" 155 1 Info 768: global struct member 'QEQueue::tail' (line 155, file C:\qp_lab\qpc\include\qequeue.h) not referenced
"C:\qp_lab\qpc\include\qequeue.h" 158 1 Info 768: global struct member 'QEQueue::nFree' (line 158, file C:\qp_lab\qpc\include\qequeue.h) not referenced
"C:\qp_lab\qpc\include\qequeue.h" 167 1 Info 768: global struct member 'QEQueue::nMin' (line 167, file C:\qp_lab\qpc\include\qequeue.h) not referenced
"C:\qp_lab\qpc\include\qmpool.h" 120 1 Info 768: global struct member 'QMPool::free_head' (line 120, file C:\qp_lab\qpc\include\qmpool.h) not referenced
"C:\qp_lab\qpc\include\qmpool.h" 123 1 Info 768: global struct member 'QMPool::start' (line 123, file C:\qp_lab\qpc\include\qmpool.h) not referenced
"C:\qp_lab\qpc\include\qmpool.h" 126 1 Info 768: global struct member 'QMPool::end' (line 126, file C:\qp_lab\qpc\include\qmpool.h) not referenced
"C:\qp_lab\qpc\include\qmpool.h" 129 1 Info 768: global struct member 'QMPool::blockSize' (line 129, file C:\qp_lab\qpc\include\qmpool.h) not referenced
"C:\qp_lab\qpc\include\qmpool.h" 132 1 Info 768: global struct member 'QMPool::nTot' (line 132, file C:\qp_lab\qpc\include\qmpool.h) not referenced
"C:\qp_lab\qpc\include\qmpool.h" 135 1 Info 768: global struct member 'QMPool::nFree' (line 135, file C:\qp_lab\qpc\include\qmpool.h) not referenced
"C:\qp_lab\qpc\include\qmpool.h" 144 1 Info 768: global struct member 'QMPool::nMin' (line 144, file C:\qp_lab\qpc\include\qmpool.h) not referenced
"C:\qp_lab\qpc\include\qk.h" 73 1 Info 768: global struct member 'QK_Attr::intNest' (line 73, file C:\qp_lab\qpc\include\qk.h) not referenced
"C:\qp_lab\qpc\include\qf.h" 153 1 Info 768: global struct member 'QActive::thread' (line 153, file C:\qp_lab\qpc\include\qf.h) not referenced
"C:\qp_lab\qpc\include\qf.h" 171 1 Info 768: global struct member 'QActiveVtbl::super' (line 171, file C:\qp_lab\qpc\include\qf.h) not referenced
"C:\qp_lab\qpc\include\qf.h" 178 1 Info 768: global struct member 'QActiveVtbl::start' (line 178, file C:\qp_lab\qpc\include\qf.h) not referenced
"C:\qp_lab\qpc\include\qf.h" 184 1 Info 768: global struct member 'QActiveVtbl::post' (line 184, file C:\qp_lab\qpc\include\qf.h) not referenced
"C:\qp_lab\qpc\include\qf.h" 192 1 Info 768: global struct member 'QActiveVtbl::postLIFO' (line 192, file C:\qp_lab\qpc\include\qf.h) not referenced
"C:\qp_lab\qpc\include\qf.h" 438 1 Info 768: global struct member 'QTimeEvt::super' (line 438, file C:\qp_lab\qpc\include\qf.h) not referenced
"C:\qp_lab\qpc\include\qf.h" 441 1 Info 768: global struct member 'QTimeEvt::next' (line 441, file C:\qp_lab\qpc\include\qf.h) not referenced
"C:\qp_lab\qpc\include\qf.h" 444 1 Info 768: global struct member 'QTimeEvt::act' (line 444, file C:\qp_lab\qpc\include\qf.h) not referenced
"C:\qp_lab\qpc\include\qf.h" 453 1 Info 768: global struct member 'QTimeEvt::ctr' (line 453, file C:\qp_lab\qpc\include\qf.h) not referenced
"C:\qp_lab\qpc\include\qf.h" 462 1 Info 768: global struct member 'QTimeEvt::interval' (line 462, file C:\qp_lab\qpc\include\qf.h) not referenced
"C:\qp_lab\qpc\src\qf_pkg.h" 151 1 Info 769: global enumeration constant 'TE_IS_LINKED' (line 151, file C:\qp_lab\qpc\src\qf_pkg.h) not referenced
"C:\qp_lab\qpc\src\qf_pkg.h" 152 1 Info 769: global enumeration constant 'TE_WAS_DISARMED' (line 152, file C:\qp_lab\qpc\src\qf_pkg.h) not referenced
"C:\qp_lab\qpc\src\qf_pkg.h" 153 1 Info 769: global enumeration constant 'TE_TICK_RATE' (line 153, file C:\qp_lab\qpc\src\qf_pkg.h) not referenced
"C:\qp_lab\qpc\src\qf_pkg.h" 163 1 Info 768: global struct member 'QFreeBlock::next' (line 163, file C:\qp_lab\qpc\src\qf_pkg.h) not referenced
"C:\qp_lab\qpc\include\qs.h" 67 1 Info 769: global enumeration constant 'QSpyRecords::QS_EMPTY' (line 67, file C:\qp_lab\qpc\include\qs.h) not referenced
"C:\qp_lab\qpc\include\qs.h" 70 1 Info 769: global enumeration constant 'QSpyRecords::QS_QEP_STATE_ENTRY' (line 70, file C:\qp_lab\qpc\include\qs.h) not referenced
"C:\qp_lab\qpc\include\qs.h" 71 1 Info 769: global enumeration constant 'QSpyRecords::QS_QEP_STATE_EXIT' (line 71, file C:\qp_lab\qpc\include\qs.h) not referenced
"C:\qp_lab\qpc\include\qs.h" 72 1 Info 769: global enumeration constant 'QSpyRecords::QS_QEP_STATE_INIT' (line 72, file C:\qp_lab\qpc\include\qs.h) not referenced
"C:\qp_lab\qpc\include\qs.h" 73 1 Info 769: global enumeration constant 'QSpyRecords::QS_QEP_INIT_TRAN' (line 73, file C:\qp_lab\qpc\include\qs.h) not referenced
"C:\qp_lab\qpc\include\qs.h" 74 1 Info 769: global enumeration constant 'QSpyRecords::QS_QEP_INTERN_TRAN' (line 74, file C:\qp_lab\qpc\include\qs.h) not referenced
"C:\qp_lab\qpc\include\qs.h" 75 1 Info 769: global enumeration constant 'QSpyRecords::QS_QEP_TRAN' (line 75, file C:\qp_lab\qpc\include\qs.h) not referenced
"C:\qp_lab\qpc\include\qs.h" 76 1 Info 769: global enumeration constant 'QSpyRecords::QS_QEP_IGNORED' (line 76, file C:\qp_lab\qpc\include\qs.h) not referenced
"C:\qp_lab\qpc\include\qs.h" 77 1 Info 769: global enumeration constant 'QSpyRecords::QS_QEP_DISPATCH' (line 77, file C:\qp_lab\qpc\include\qs.h) not referenced
"C:\qp_lab\qpc\include\qs.h" 78 1 Info 769: global enumeration constant 'QSpyRecords::QS_QEP_UNHANDLED' (line 78, file C:\qp_lab\qpc\include\qs.h) not referenced
"C:\qp_lab\qpc\include\qs.h" 81 1 Info 769: global enumeration constant 'QSpyRecords::QS_QF_ACTIVE_DEFER' (line 81, file C:\qp_lab\qpc\include\qs.h) not referenced
"C:\qp_lab\qpc\include\qs.h" 82 1 Info 769: global enumeration constant 'QSpyRecords::QS_QF_ACTIVE_RECALL' (line 82, file C:\qp_lab\qpc\include\qs.h) not referenced
"C:\qp_lab\qpc\include\qs.h" 83 1 Info 769: global enumeration constant 'QSpyRecords::QS_QF_ACTIVE_SUBSCRIBE' (line 83, file C:\qp_lab\qpc\include\qs.h) not referenced
"C:\qp_lab\qpc\include\qs.h" 84 1 Info 769: global enumeration constant 'QSpyRecords::QS_QF_ACTIVE_UNSUBSCRIBE' (line 84, file C:\qp_lab\qpc\include\qs.h) not referenced
"C:\qp_lab\qpc\include\qs.h" 85 1 Info 769: global enumeration constant 'QSpyRecords::QS_QF_ACTIVE_POST_FIFO' (line 85, file C:\qp_lab\qpc\include\qs.h) not referenced
"C:\qp_lab\qpc\include\qs.h" 86 1 Info 769: global enumeration constant 'QSpyRecords::QS_QF_ACTIVE_POST_LIFO' (line 86, file C:\qp_lab\qpc\include\qs.h) not referenced
"C:\qp_lab\qpc\include\qs.h" 87 1 Info 769: global enumeration constant 'QSpyRecords::QS_QF_ACTIVE_GET' (line 87, file C:\qp_lab\qpc\include\qs.h) not referenced
"C:\qp_lab\qpc\include\qs.h" 88 1 Info 769: global enumeration constant 'QSpyRecords::QS_QF_ACTIVE_GET_LAST' (line 88, file C:\qp_lab\qpc\include\qs.h) not referenced
"C:\qp_lab\qpc\include\qs.h" 89 1 Info 769: global enumeration constant 'QSpyRecords::QS_QF_ACTIVE_RECALL_ATTEMPT' (line 89, file C:\qp_lab\qpc\include\qs.h) not referenced
"C:\qp_lab\qpc\include\qs.h" 92 1 Info 769: global enumeration constant 'QSpyRecords::QS_QF_EQUEUE_POST_FIFO' (line 92, file C:\qp_lab\qpc\include\qs.h) not referenced
"C:\qp_lab\qpc\include\qs.h" 93 1 Info 769: global enumeration constant 'QSpyRecords::QS_QF_EQUEUE_POST_LIFO' (line 93, file C:\qp_lab\qpc\include\qs.h) not referenced
"C:\qp_lab\qpc\include\qs.h" 94 1 Info 769: global enumeration constant 'QSpyRecords::QS_QF_EQUEUE_GET' (line 94, file C:\qp_lab\qpc\include\qs.h) not referenced
"C:\qp_lab\qpc\include\qs.h" 95 1 Info 769: global enumeration constant 'QSpyRecords::QS_QF_EQUEUE_GET_LAST' (line 95, file C:\qp_lab\qpc\include\qs.h) not referenced
"C:\qp_lab\qpc\include\qs.h" 97 1 Info 769: global enumeration constant 'QSpyRecords::QS_QF_RESERVED2' (line 97, file C:\qp_lab\qpc\include\qs.h) not referenced
"C:\qp_lab\qpc\include\qs.h" 100 1 Info 769: global enumeration constant 'QSpyRecords::QS_QF_MPOOL_GET' (line 100, file C:\qp_lab\qpc\include\qs.h) not referenced
"C:\qp_lab\qpc\include\qs.h" 101 1 Info 769: global enumeration constant 'QSpyRecords::QS_QF_MPOOL_PUT' (line 101, file C:\qp_lab\qpc\include\qs.h) not referenced
"C:\qp_lab\qpc\include\qs.h" 104 1 Info 769: global enumeration constant 'QSpyRecords::QS_QF_PUBLISH' (line 104, file C:\qp_lab\qpc\include\qs.h) not referenced
"C:\qp_lab\qpc\include\qs.h" 105 1 Info 769: global enumeration constant 'QSpyRecords::QS_QF_NEW_REF' (line 105, file C:\qp_lab\qpc\include\qs.h) not referenced
"C:\qp_lab\qpc\include\qs.h" 106 1 Info 769: global enumeration constant 'QSpyRecords::QS_QF_NEW' (line 106, file C:\qp_lab\qpc\include\qs.h) not referenced
"C:\qp_lab\qpc\include\qs.h" 107 1 Info 769: global enumeration constant 'QSpyRecords::QS_QF_GC_ATTEMPT' (line 107, file C:\qp_lab\qpc\include\qs.h) not referenced
"C:\qp_lab\qpc\include\qs.h" 108 1 Info 769: global enumeration constant 'QSpyRecords::QS_QF_GC' (line 108, file C:\qp_lab\qpc\include\qs.h) not referenced
"C:\qp_lab\qpc\include\qs.h" 109 1 Info 769: global enumeration constant 'QSpyRecords::QS_QF_TICK' (line 109, file C:\qp_lab\qpc\include\qs.h) not referenced
"C:\qp_lab\qpc\include\qs.h" 112 1 Info 769: global enumeration constant 'QSpyRecords::QS_QF_TIMEEVT_ARM' (line 112, file C:\qp_lab\qpc\include\qs.h) not referenced
"C:\qp_lab\qpc\include\qs.h" 113 1 Info 769: global enumeration constant 'QSpyRecords::QS_QF_TIMEEVT_AUTO_DISARM' (line 113, file C:\qp_lab\qpc\include\qs.h) not referenced
"C:\qp_lab\qpc\include\qs.h" 114 1 Info 769: global enumeration constant 'QSpyRecords::QS_QF_TIMEEVT_DISARM_ATTEMPT' (line 114, file C:\qp_lab\qpc\include\qs.h) not referenced
"C:\qp_lab\qpc\include\qs.h" 115 1 Info 769: global enumeration constant 'QSpyRecords::QS_QF_TIMEEVT_DISARM' (line 115, file C:\qp_lab\qpc\include\qs.h) not referenced
"C:\qp_lab\qpc\include\qs.h" 116 1 Info 769: global enumeration constant 'QSpyRecords::QS_QF_TIMEEVT_REARM' (line 116, file C:\qp_lab\qpc\include\qs.h) not referenced
"C:\qp_lab\qpc\include\qs.h" 117 1 Info 769: global enumeration constant 'QSpyRecords::QS_QF_TIMEEVT_POST' (line 117, file C:\qp_lab\qpc\include\qs.h) not referenced
"C:\qp_lab\qpc\include\qs.h" 120 1 Info 769: global enumeration constant 'QSpyRecords::QS_QF_DELETE_REF' (line 120, file C:\qp_lab\qpc\include\qs.h) not referenced
"C:\qp_lab\qpc\include\qs.h" 121 1 Info 769: global enumeration constant 'QSpyRecords::QS_QF_CRIT_ENTRY' (line 121, file C:\qp_lab\qpc\include\qs.h) not referenced
"C:\qp_lab\qpc\include\qs.h" 122 1 Info 769: global enumeration constant 'QSpyRecords::QS_QF_CRIT_EXIT' (line 122, file C:\qp_lab\qpc\include\qs.h) not referenced
"C:\qp_lab\qpc\include\qs.h" 123 1 Info 769: global enumeration constant 'QSpyRecords::QS_QF_ISR_ENTRY' (line 123, file C:\qp_lab\qpc\include\qs.h) not referenced
"C:\qp_lab\qpc\include\qs.h" 124 1 Info 769: global enumeration constant 'QSpyRecords::QS_QF_ISR_EXIT' (line 124, file C:\qp_lab\qpc\include\qs.h) not referenced
"C:\qp_lab\qpc\include\qs.h" 125 1 Info 769: global enumeration constant 'QSpyRecords::QS_QF_INT_DISABLE' (line 125, file C:\qp_lab\qpc\include\qs.h) not referenced
"C:\qp_lab\qpc\include\qs.h" 126 1 Info 769: global enumeration constant 'QSpyRecords::QS_QF_INT_ENABLE' (line 126, file C:\qp_lab\qpc\include\qs.h) not referenced
"C:\qp_lab\qpc\include\qs.h" 129 1 Info 769: global enumeration constant 'QSpyRecords::QS_QF_ACTIVE_POST_ATTEMPT' (line 129, file C:\qp_lab\qpc\include\qs.h) not referenced
"C:\qp_lab\qpc\include\qs.h" 132 1 Info 769: global enumeration constant 'QSpyRecords::QS_QF_EQUEUE_POST_ATTEMPT' (line 132, file C:\qp_lab\qpc\include\qs.h) not referenced
"C:\qp_lab\qpc\include\qs.h" 135 1 Info 769: global enumeration constant 'QSpyRecords::QS_QF_MPOOL_GET_ATTEMPT' (line 135, file C:\qp_lab\qpc\include\qs.h) not referenced
"C:\qp_lab\qpc\include\qs.h" 138 1 Info 769: global enumeration constant 'QSpyRecords::QS_MUTEX_LOCK' (line 138, file C:\qp_lab\qpc\include\qs.h) not referenced
"C:\qp_lab\qpc\include\qs.h" 139 1 Info 769: global enumeration constant 'QSpyRecords::QS_MUTEX_UNLOCK' (line 139, file C:\qp_lab\qpc\include\qs.h) not referenced
"C:\qp_lab\qpc\include\qs.h" 147 1 Info 769: global enumeration constant 'QSpyRecords::QS_QEP_TRAN_HIST' (line 147, file C:\qp_lab\qpc\include\qs.h) not referenced
"C:\qp_lab\qpc\include\qs.h" 148 1 Info 769: global enumeration constant 'QSpyRecords::QS_QEP_TRAN_EP' (line 148, file C:\qp_lab\qpc\include\qs.h) not referenced
"C:\qp_lab\qpc\include\qs.h" 149 1 Info 769: global enumeration constant 'QSpyRecords::QS_QEP_TRAN_XP' (line 149, file C:\qp_lab\qpc\include\qs.h) not referenced
"C:\qp_lab\qpc\include\qs.h" 152 1 Info 769: global enumeration constant 'QSpyRecords::QS_TEST_PAUSED' (line 152, file C:\qp_lab\qpc\include\qs.h) not referenced
"C:\qp_lab\qpc\include\qs.h" 153 1 Info 769: global enumeration constant 'QSpyRecords::QS_TEST_PROBE_GET' (line 153, file C:\qp_lab\qpc\include\qs.h) not referenced
"C:\qp_lab\qpc\include\qs.h" 154 1 Info 769: global enumeration constant 'QSpyRecords::QS_SIG_DICT' (line 154, file C:\qp_lab\qpc\include\qs.h) not referenced
"C:\qp_lab\qpc\include\qs.h" 155 1 Info 769: global enumeration constant 'QSpyRecords::QS_OBJ_DICT' (line 155, file C:\qp_lab\qpc\include\qs.h) not referenced
"C:\qp_lab\qpc\include\qs.h" 156 1 Info 769: global enumeration constant 'QSpyRecords::QS_FUN_DICT' (line 156, file C:\qp_lab\qpc\include\qs.h) not referenced
"C:\qp_lab\qpc\include\qs.h" 157 1 Info 769: global enumeration constant 'QSpyRecords::QS_USR_DICT' (line 157, file C:\qp_lab\qpc\include\qs.h) not referenced
"C:\qp_lab\qpc\include\qs.h" 158 1 Info 769: global enumeration constant 'QSpyRecords::QS_TARGET_INFO' (line 158, file C:\qp_lab\qpc\include\qs.h) not referenced
"C:\qp_lab\qpc\include\qs.h" 159 1 Info 769: global enumeration constant 'QSpyRecords::QS_TARGET_DONE' (line 159, file C:\qp_lab\qpc\include\qs.h) not referenced
"C:\qp_lab\qpc\include\qs.h" 160 1 Info 769: global enumeration constant 'QSpyRecords::QS_RX_STATUS' (line 160, file C:\qp_lab\qpc\include\qs.h) not referenced
"C:\qp_lab\qpc\include\qs.h" 161 1 Info 769: global enumeration constant 'QSpyRecords::QS_QUERY_DATA' (line 161, file C:\qp_lab\qpc\include\qs.h) not referenced
"C:\qp_lab\qpc\include\qs.h" 162 1 Info 769: global enumeration constant 'QSpyRecords::QS_PEEK_DATA' (line 162, file C:\qp_lab\qpc\include\qs.h) not referenced
"C:\qp_lab\qpc\include\qs.h" 163 1 Info 769: global enumeration constant 'QSpyRecords::QS_ASSERT_FAIL' (line 163, file C:\qp_lab\qpc\include\qs.h) not referenced
"C:\qp_lab\qpc\include\qs.h" 171 1 Info 769: global enumeration constant 'QSpyRecordGroups::QS_ALL_RECORDS' (line 171, file C:\qp_lab\qpc\include\qs.h) not referenced
"C:\qp_lab\qpc\include\qs.h" 172 1 Info 769: global enumeration constant 'QSpyRecordGroups::QS_SM_RECORDS' (line 172, file C:\qp_lab\qpc\include\qs.h) not referenced
"C:\qp_lab\qpc\include\qs.h" 173 1 Info 769: global enumeration constant 'QSpyRecordGroups::QS_AO_RECORDS' (line 173, file C:\qp_lab\qpc\include\qs.h) not referenced
"C:\qp_lab\qpc\include\qs.h" 174 1 Info 769: global enumeration constant 'QSpyRecordGroups::QS_EQ_RECORDS' (line 174, file C:\qp_lab\qpc\include\qs.h) not referenced
"C:\qp_lab\qpc\include\qs.h" 175 1 Info 769: global enumeration constant 'QSpyRecordGroups::QS_MP_RECORDS' (line 175, file C:\qp_lab\qpc\include\qs.h) not referenced
"C:\qp_lab\qpc\include\qs.h" 176 1 Info 769: global enumeration constant 'QSpyRecordGroups::QS_TE_RECORDS' (line 176, file C:\qp_lab\qpc\include\qs.h) not referenced
"C:\qp_lab\qpc\include\qs.h" 177 1 Info 769: global enumeration constant 'QSpyRecordGroups::QS_QF_RECORDS' (line 177, file C:\qp_lab\qpc\include\qs.h) not referenced
"C:\qp_lab\qpc\include\qs.h" 178 1 Info 769: global enumeration constant 'QSpyRecordGroups::QS_SC_RECORDS' (line 178, file C:\qp_lab\qpc\include\qs.h) not referenced
"C:\qp_lab\qpc\include\qs.h" 179 1 Info 769: global enumeration constant 'QSpyRecordGroups::QS_U0_RECORDS' (line 179, file C:\qp_lab\qpc\include\qs.h) not referenced
"C:\qp_lab\qpc\include\qs.h" 180 1 Info 769: global enumeration constant 'QSpyRecordGroups::QS_U1_RECORDS' (line 180, file C:\qp_lab\qpc\include\qs.h) not referenced
"C:\qp_lab\qpc\include\qs.h" 181 1 Info 769: global enumeration constant 'QSpyRecordGroups::QS_U2_RECORDS' (line 181, file C:\qp_lab\qpc\include\qs.h) not referenced
"C:\qp_lab\qpc\include\qs.h" 182 1 Info 769: global enumeration constant 'QSpyRecordGroups::QS_U3_RECORDS' (line 182, file C:\qp_lab\qpc\include\qs.h) not referenced
"C:\qp_lab\qpc\include\qs.h" 183 1 Info 769: global enumeration constant 'QSpyRecordGroups::QS_U4_RECORDS' (line 183, file C:\qp_lab\qpc\include\qs.h) not referenced
"C:\qp_lab\qpc\include\qs.h" 184 1 Info 769: global enumeration constant 'QSpyRecordGroups::QS_UA_RECORDS' (line 184, file C:\qp_lab\qpc\include\qs.h) not referenced
"C:\qp_lab\qpc\include\qs.h" 193 1 Info 769: global enumeration constant 'QSpyUserRecords::QS_USER4' (line 193, file C:\qp_lab\qpc\include\qs.h) not referenced
"C:\qp_lab\qpc\include\qs.h" 797 1 Info 769: global enumeration constant 'QS_I8_T' (line 797, file C:\qp_lab\qpc\include\qs.h) not referenced
"C:\qp_lab\qpc\include\qs.h" 798 1 Info 769: global enumeration constant 'QS_U8_T' (line 798, file C:\qp_lab\qpc\include\qs.h) not referenced
"C:\qp_lab\qpc\include\qs.h" 799 1 Info 769: global enumeration constant 'QS_I16_T' (line 799, file C:\qp_lab\qpc\include\qs.h) not referenced
"C:\qp_lab\qpc\include\qs.h" 800 1 Info 769: global enumeration constant 'QS_U16_T' (line 800, file C:\qp_lab\qpc\include\qs.h) not referenced
"C:\qp_lab\qpc\include\qs.h" 801 1 Info 769: global enumeration constant 'QS_I32_T' (line 801, file C:\qp_lab\qpc\include\qs.h) not referenced
"C:\qp_lab\qpc\include\qs.h" 802 1 Info 769: global enumeration constant 'QS_U32_T' (line 802, file C:\qp_lab\qpc\include\qs.h) not referenced
"C:\qp_lab\qpc\include\qs.h" 803 1 Info 769: global enumeration constant 'QS_F32_T' (line 803, file C:\qp_lab\qpc\include\qs.h) not referenced
"C:\qp_lab\qpc\include\qs.h" 804 1 Info 769: global enumeration constant 'QS_F64_T' (line 804, file C:\qp_lab\qpc\include\qs.h) not referenced
"C:\qp_lab\qpc\include\qs.h" 805 1 Info 769: global enumeration constant 'QS_STR_T' (line 805, file C:\qp_lab\qpc\include\qs.h) not referenced
"C:\qp_lab\qpc\include\qs.h" 806 1 Info 769: global enumeration constant 'QS_MEM_T' (line 806, file C:\qp_lab\qpc\include\qs.h) not referenced
"C:\qp_lab\qpc\include\qs.h" 807 1 Info 769: global enumeration constant 'QS_SIG_T' (line 807, file C:\qp_lab\qpc\include\qs.h) not referenced
"C:\qp_lab\qpc\include\qs.h" 808 1 Info 769: global enumeration constant 'QS_OBJ_T' (line 808, file C:\qp_lab\qpc\include\qs.h) not referenced
"C:\qp_lab\qpc\include\qs.h" 809 1 Info 769: global enumeration constant 'QS_FUN_T' (line 809, file C:\qp_lab\qpc\include\qs.h) not referenced
"C:\qp_lab\qpc\include\qs.h" 810 1 Info 769: global enumeration constant 'QS_I64_T' (line 810, file C:\qp_lab\qpc\include\qs.h) not referenced
"C:\qp_lab\qpc\include\qs.h" 811 1 Info 769: global enumeration constant 'QS_U64_T' (line 811, file C:\qp_lab\qpc\include\qs.h) not referenced
"C:\qp_lab\qpc\include\qs.h" 812 1 Info 769: global enumeration constant 'QS_U32_HEX_T' (line 812, file C:\qp_lab\qpc\include\qs.h) not referenced
"C:\qp_lab\qpc\include\qs.h" 1080 1 Info 769: global enumeration constant 'QSpyObjKind::SM_OBJ' (line 1080, file C:\qp_lab\qpc\include\qs.h) not referenced
"C:\qp_lab\qpc\include\qs.h" 1082 1 Info 769: global enumeration constant 'QSpyObjKind::MP_OBJ' (line 1082, file C:\qp_lab\qpc\include\qs.h) not referenced
"C:\qp_lab\qpc\include\qs.h" 1083 1 Info 769: global enumeration constant 'QSpyObjKind::EQ_OBJ' (line 1083, file C:\qp_lab\qpc\include\qs.h) not referenced
"C:\qp_lab\qpc\include\qs.h" 1084 1 Info 769: global enumeration constant 'QSpyObjKind::TE_OBJ' (line 1084, file C:\qp_lab\qpc\include\qs.h) not referenced
"C:\qp_lab\qpc\include\qs.h" 1085 1 Info 769: global enumeration constant 'QSpyObjKind::AP_OBJ' (line 1085, file C:\qp_lab\qpc\include\qs.h) not referenced
"C:\qp_lab\qpc\include\qs.h" 1090 1 Info 769: global enumeration constant 'OSpyObjCombnation::SM_AO_OBJ' (line 1090, file C:\qp_lab\qpc\include\qs.h) not referenced
"C:\qp_lab\qpc\include\qs.h" 1097 1 Info 768: global struct member 'QSPriv::buf' (line 1097, file C:\qp_lab\qpc\include\qs.h) not referenced
"C:\qp_lab\qpc\include\qs.h" 1098 1 Info 768: global struct member 'QSPriv::end' (line 1098, file C:\qp_lab\qpc\include\qs.h) not referenced
"C:\qp_lab\qpc\include\qs.h" 1099 1 Info 768: global struct member 'QSPriv::head' (line 1099, file C:\qp_lab\qpc\include\qs.h) not referenced
"C:\qp_lab\qpc\include\qs.h" 1100 1 Info 768: global struct member 'QSPriv::tail' (line 1100, file C:\qp_lab\qpc\include\qs.h) not referenced
"C:\qp_lab\qpc\include\qs.h" 1101 1 Info 768: global struct member 'QSPriv::used' (line 1101, file C:\qp_lab\qpc\include\qs.h) not referenced
"C:\qp_lab\qpc\include\qs.h" 1102 1 Info 768: global struct member 'QSPriv::seq' (line 1102, file C:\qp_lab\qpc\include\qs.h) not referenced
"C:\qp_lab\qpc\include\qs.h" 1103 1 Info 768: global struct member 'QSPriv::chksum' (line 1103, file C:\qp_lab\qpc\include\qs.h) not referenced
"C:\qp_lab\qpc\include\qs.h" 1105 1 Info 768: global struct member 'QSPriv::critNest' (line 1105, file C:\qp_lab\qpc\include\qs.h) not referenced
"C:\qp_lab\qpc\include\qs.h" 1120 1 Info 769: global enumeration constant 'QSpyRxRecords::QS_RX_INFO' (line 1120, file C:\qp_lab\qpc\include\qs.h) not referenced
"C:\qp_lab\qpc\include\qs.h" 1121 1 Info 769: global enumeration constant 'QSpyRxRecords::QS_RX_COMMAND' (line 1121, file C:\qp_lab\qpc\include\qs.h) not referenced
"C:\qp_lab\qpc\include\qs.h" 1122 1 Info 769: global enumeration constant 'QSpyRxRecords::QS_RX_RESET' (line 1122, file C:\qp_lab\qpc\include\qs.h) not referenced
"C:\qp_lab\qpc\include\qs.h" 1123 1 Info 769: global enumeration constant 'QSpyRxRecords::QS_RX_TICK' (line 1123, file C:\qp_lab\qpc\include\qs.h) not referenced
"C:\qp_lab\qpc\include\qs.h" 1124 1 Info 769: global enumeration constant 'QSpyRxRecords::QS_RX_PEEK' (line 1124, file C:\qp_lab\qpc\include\qs.h) not referenced
"C:\qp_lab\qpc\include\qs.h" 1125 1 Info 769: global enumeration constant 'QSpyRxRecords::QS_RX_POKE' (line 1125, file C:\qp_lab\qpc\include\qs.h) not referenced
"C:\qp_lab\qpc\include\qs.h" 1126 1 Info 769: global enumeration constant 'QSpyRxRecords::QS_RX_FILL' (line 1126, file C:\qp_lab\qpc\include\qs.h) not referenced
"C:\qp_lab\qpc\include\qs.h" 1127 1 Info 769: global enumeration constant 'QSpyRxRecords::QS_RX_TEST_SETUP' (line 1127, file C:\qp_lab\qpc\include\qs.h) not referenced
"C:\qp_lab\qpc\include\qs.h" 1128 1 Info 769: global enumeration constant 'QSpyRxRecords::QS_RX_TEST_TEARDOWN' (line 1128, file C:\qp_lab\qpc\include\qs.h) not referenced
"C:\qp_lab\qpc\include\qs.h" 1129 1 Info 769: global enumeration constant 'QSpyRxRecords::QS_RX_TEST_PROBE' (line 1129, file C:\qp_lab\qpc\include\qs.h) not referenced
"C:\qp_lab\qpc\include\qs.h" 1130 1 Info 769: global enumeration constant 'QSpyRxRecords::QS_RX_GLB_FILTER' (line 1130, file C:\qp_lab\qpc\include\qs.h) not referenced
"C:\qp_lab\qpc\include\qs.h" 1131 1 Info 769: global enumeration constant 'QSpyRxRecords::QS_RX_LOC_FILTER' (line 1131, file C:\qp_lab\qpc\include\qs.h) not referenced
"C:\qp_lab\qpc\include\qs.h" 1132 1 Info 769: global enumeration constant 'QSpyRxRecords::QS_RX_AO_FILTER' (line 1132, file C:\qp_lab\qpc\include\qs.h) not referenced
"C:\qp_lab\qpc\include\qs.h" 1133 1 Info 769: global enumeration constant 'QSpyRxRecords::QS_RX_CURR_OBJ' (line 1133, file C:\qp_lab\qpc\include\qs.h) not referenced
"C:\qp_lab\qpc\include\qs.h" 1134 1 Info 769: global enumeration constant 'QSpyRxRecords::QS_RX_TEST_CONTINUE' (line 1134, file C:\qp_lab\qpc\include\qs.h) not referenced
"C:\qp_lab\qpc\include\qs.h" 1135 1 Info 769: global enumeration constant 'QSpyRxRecords::QS_RX_QUERY_CURR' (line 1135, file C:\qp_lab\qpc\include\qs.h) not referenced
"C:\qp_lab\qpc\include\qs.h" 1136 1 Info 769: global enumeration constant 'QSpyRxRecords::QS_RX_EVENT' (line 1136, file C:\qp_lab\qpc\include\qs.h) not referenced
"C:\qp_lab\qpc\include\qs.h" 1149 1 Info 768: global struct member 'QSrxPriv::currObj' (line 1149, file C:\qp_lab\qpc\include\qs.h) not referenced
"C:\qp_lab\qpc\include\qs.h" 1150 1 Info 768: global struct member 'QSrxPriv::buf' (line 1150, file C:\qp_lab\qpc\include\qs.h) not referenced
"C:\qp_lab\qpc\include\qs.h" 1151 1 Info 768: global struct member 'QSrxPriv::end' (line 1151, file C:\qp_lab\qpc\include\qs.h) not referenced
"C:\qp_lab\qpc\include\qs.h" 1152 1 Info 768: global struct member 'QSrxPriv::head' (line 1152, file C:\qp_lab\qpc\include\qs.h) not referenced
"C:\qp_lab\qpc\include\qs.h" 1153 1 Info 768: global struct member 'QSrxPriv::tail' (line 1153, file C:\qp_lab\qpc\include\qs.h) not referenced
 Note 900: Successful completion, 581 messages produced

Count   Type    Number  Text

29      Warning 526     Symbol '___' (___) not defined
6       Info    714     Symbol '___' (___) not referenced
1       Info    717     do ... while(0);
155     Info    755     global macro '___' (___) not referenced
13      Info    756     global typedef '___' (___) not referenced
75      Info    757     global declarator '___' (___) not referenced
8       Info    758     global ___ '___' (___) not referenced
55      Info    768     global struct member '___' (___) not referenced
139     Info    769     global enumeration constant '___' (___) not referenced
1       Note    900     Successful completion, ___ messages produced
99      Note    960     Violates MISRA 2004 Required Rule ___, ___
1       Note    961     Violates MISRA 2004 Advisory Rule ___, ___
